2013-11-13 10:09:21,109 [9    ] INFO  Roller.RollerDevice 766 - Roller driver initialized. IpServer: 192.168.1.10 TimerPolling: 100 TimerConnectionLost: 2000 ServerPort: 2000 ClientPort: 2001 IdClient: 31
2013-11-13 10:10:15,093 [8    ] INFO  Roller.RollerDevice 766 - Roller driver initialized. IpServer: 192.168.1.10 TimerPolling: 100 TimerConnectionLost: 2000 ServerPort: 2000 ClientPort: 2001 IdClient: 31
2013-11-13 10:11:04,249 [8    ] INFO  Roller.RollerDevice 766 - Roller driver initialized. IpServer: 192.168.1.10 TimerPolling: 100 TimerConnectionLost: 2000 ServerPort: 2000 ClientPort: 2001 IdClient: 31
2013-11-13 10:11:11,579 [10   ] INFO  Roller.RollerDevice 766 - Roller driver initialized. IpServer: 192.168.1.10 TimerPolling: 100 TimerConnectionLost: 2000 ServerPort: 2000 ClientPort: 2001 IdClient: 31
2013-11-13 10:11:34,871 [9    ] INFO  Roller.RollerDevice 766 - Roller driver initialized. IpServer: 192.168.1.10 TimerPolling: 100 TimerConnectionLost: 2000 ServerPort: 2000 ClientPort: 2001 IdClient: 31
2013-11-13 10:13:52,687 [9    ] INFO  Roller.RollerDevice 766 - Roller driver initialized. IpServer: 192.168.1.10 TimerPolling: 100 TimerConnectionLost: 2000 ServerPort: 2000 ClientPort: 2001 IdClient: 31
2013-11-13 10:18:49,544 [9    ] INFO  Roller.RollerDevice 766 - Roller driver initialized. IpServer: 192.168.1.10 TimerPolling: 100 TimerConnectionLost: 2000 ServerPort: 2000 ClientPort: 2001 IdClient: 31
2013-11-13 10:21:11,723 [9    ] INFO  Roller.RollerDevice 766 - Roller driver initialized. IpServer: 192.168.1.10 TimerPolling: 100 TimerConnectionLost: 2000 ServerPort: 2000 ClientPort: 2001 IdClient: 31
2013-11-13 10:21:44,649 [10   ] INFO  Roller.RollerDevice 766 - Roller driver initialized. IpServer: 192.168.1.10 TimerPolling: 100 TimerConnectionLost: 2000 ServerPort: 2000 ClientPort: 2001 IdClient: 31
2013-11-13 10:22:31,917 [10   ] INFO  Roller.RollerDevice 766 - Roller driver initialized. IpServer: 192.168.1.10 TimerPolling: 100 TimerConnectionLost: 2000 ServerPort: 2000 ClientPort: 2001 IdClient: 31
2013-11-13 10:25:02,877 [10   ] INFO  Roller.RollerDevice 766 - Roller driver initialized. IpServer: 192.168.1.10 TimerPolling: 100 TimerConnectionLost: 2000 ServerPort: 2000 ClientPort: 2001 IdClient: 31
2013-11-13 10:44:06,539 [9    ] INFO  Roller.RollerDevice 766 - Roller driver initialized. IpServer: 192.168.1.10 TimerPolling: 100 TimerConnectionLost: 2000 ServerPort: 2000 ClientPort: 2001 IdClient: 31
2013-11-13 10:45:07,583 [10   ] INFO  Roller.RollerDevice 766 - Roller driver initialized. IpServer: 192.168.1.10 TimerPolling: 100 TimerConnectionLost: 2000 ServerPort: 2000 ClientPort: 2001 IdClient: 31
2013-11-13 10:45:32,526 [11   ] INFO  Roller.RollerDevice 766 - Roller driver initialized. IpServer: 192.168.1.10 TimerPolling: 100 TimerConnectionLost: 2000 ServerPort: 2000 ClientPort: 2001 IdClient: 31
2013-11-13 10:46:28,202 [9    ] INFO  Roller.RollerDevice 766 - Roller driver initialized. IpServer: 192.168.1.10 TimerPolling: 100 TimerConnectionLost: 2000 ServerPort: 2000 ClientPort: 2001 IdClient: 31
2013-11-13 10:47:57,498 [9    ] INFO  Roller.RollerDevice 766 - Roller driver initialized. IpServer: 192.168.1.10 TimerPolling: 100 TimerConnectionLost: 2000 ServerPort: 2000 ClientPort: 2001 IdClient: 31
2013-11-13 10:48:51,554 [10   ] INFO  Roller.RollerDevice 766 - Roller driver initialized. IpServer: 192.168.1.10 TimerPolling: 100 TimerConnectionLost: 2000 ServerPort: 2000 ClientPort: 2001 IdClient: 31
2013-11-13 10:51:54,917 [9    ] INFO  Roller.RollerDevice 766 - Roller driver initialized. IpServer: 192.168.1.10 TimerPolling: 100 TimerConnectionLost: 2000 ServerPort: 2000 ClientPort: 2001 IdClient: 31
2013-11-13 10:58:58,968 [10   ] INFO  Roller.RollerDevice 766 - Roller driver initialized. IpServer: 192.168.1.10 TimerPolling: 100 TimerConnectionLost: 2000 ServerPort: 2000 ClientPort: 2001 IdClient: 31
2013-11-13 11:05:05,496 [10   ] INFO  Roller.RollerDevice 766 - Roller driver initialized. IpServer: 192.168.1.10 TimerPolling: 100 TimerConnectionLost: 2000 ServerPort: 2000 ClientPort: 2001 IdClient: 31
2013-11-13 11:05:13,127 [12   ] ERROR Roller.RollerDevice 416 - Software exception
System.Runtime.InteropServices.InvalidComObjectException: COM object that has been separated from its underlying RCW cannot be used.
   at System.RuntimeType.InvokeDispMethod(String name, BindingFlags invokeAttr, Object target, Object[] args, Boolean[] byrefModifiers, Int32 culture, String[] namedParameters)
   at System.RuntimeType.InvokeMember(String name, BindingFlags bindingFlags, Binder binder, Object target, Object[] providedArgs, ParameterModifier[] modifiers, CultureInfo culture, String[] namedParams)
   at System.RuntimeType.ForwardCallToInvokeMember(String memberName, BindingFlags flags, Object target, Int32[] aWrapperTypes, MessageData& msgData)
   at IROLLERLib._DIRoller.IsConnected()
   at AxIROLLERLib.AxIRoller.IsConnected()
   at Roller.RollerDevice.get_IsConnected() in d:\Work\Corghi\Nambuco\DSASimpesFaipBridge\Roller\Device\RollerDevice.cs:line 412
2013-11-13 11:05:13,650 [12   ] ERROR Roller.RollerDevice 416 - Software exception
System.Runtime.InteropServices.InvalidComObjectException: COM object that has been separated from its underlying RCW cannot be used.
   at System.RuntimeType.InvokeDispMethod(String name, BindingFlags invokeAttr, Object target, Object[] args, Boolean[] byrefModifiers, Int32 culture, String[] namedParameters)
   at System.RuntimeType.InvokeMember(String name, BindingFlags bindingFlags, Binder binder, Object target, Object[] providedArgs, ParameterModifier[] modifiers, CultureInfo culture, String[] namedParams)
   at System.RuntimeType.ForwardCallToInvokeMember(String memberName, BindingFlags flags, Object target, Int32[] aWrapperTypes, MessageData& msgData)
   at IROLLERLib._DIRoller.IsConnected()
   at AxIROLLERLib.AxIRoller.IsConnected()
   at Roller.RollerDevice.get_IsConnected() in d:\Work\Corghi\Nambuco\DSASimpesFaipBridge\Roller\Device\RollerDevice.cs:line 412
2013-11-13 11:05:14,168 [12   ] ERROR Roller.RollerDevice 416 - Software exception
System.Runtime.InteropServices.InvalidComObjectException: COM object that has been separated from its underlying RCW cannot be used.
   at System.RuntimeType.InvokeDispMethod(String name, BindingFlags invokeAttr, Object target, Object[] args, Boolean[] byrefModifiers, Int32 culture, String[] namedParameters)
   at System.RuntimeType.InvokeMember(String name, BindingFlags bindingFlags, Binder binder, Object target, Object[] providedArgs, ParameterModifier[] modifiers, CultureInfo culture, String[] namedParams)
   at System.RuntimeType.ForwardCallToInvokeMember(String memberName, BindingFlags flags, Object target, Int32[] aWrapperTypes, MessageData& msgData)
   at IROLLERLib._DIRoller.IsConnected()
   at AxIROLLERLib.AxIRoller.IsConnected()
   at Roller.RollerDevice.get_IsConnected() in d:\Work\Corghi\Nambuco\DSASimpesFaipBridge\Roller\Device\RollerDevice.cs:line 412
2013-11-13 11:05:14,681 [12   ] ERROR Roller.RollerDevice 416 - Software exception
System.Runtime.InteropServices.InvalidComObjectException: COM object that has been separated from its underlying RCW cannot be used.
   at System.RuntimeType.InvokeDispMethod(String name, BindingFlags invokeAttr, Object target, Object[] args, Boolean[] byrefModifiers, Int32 culture, String[] namedParameters)
   at System.RuntimeType.InvokeMember(String name, BindingFlags bindingFlags, Binder binder, Object target, Object[] providedArgs, ParameterModifier[] modifiers, CultureInfo culture, String[] namedParams)
   at System.RuntimeType.ForwardCallToInvokeMember(String memberName, BindingFlags flags, Object target, Int32[] aWrapperTypes, MessageData& msgData)
   at IROLLERLib._DIRoller.IsConnected()
   at AxIROLLERLib.AxIRoller.IsConnected()
   at Roller.RollerDevice.get_IsConnected() in d:\Work\Corghi\Nambuco\DSASimpesFaipBridge\Roller\Device\RollerDevice.cs:line 412
2013-11-13 11:05:15,191 [12   ] ERROR Roller.RollerDevice 416 - Software exception
System.Runtime.InteropServices.InvalidComObjectException: COM object that has been separated from its underlying RCW cannot be used.
   at System.RuntimeType.InvokeDispMethod(String name, BindingFlags invokeAttr, Object target, Object[] args, Boolean[] byrefModifiers, Int32 culture, String[] namedParameters)
   at System.RuntimeType.InvokeMember(String name, BindingFlags bindingFlags, Binder binder, Object target, Object[] providedArgs, ParameterModifier[] modifiers, CultureInfo culture, String[] namedParams)
   at System.RuntimeType.ForwardCallToInvokeMember(String memberName, BindingFlags flags, Object target, Int32[] aWrapperTypes, MessageData& msgData)
   at IROLLERLib._DIRoller.IsConnected()
   at AxIROLLERLib.AxIRoller.IsConnected()
   at Roller.RollerDevice.get_IsConnected() in d:\Work\Corghi\Nambuco\DSASimpesFaipBridge\Roller\Device\RollerDevice.cs:line 412
2013-11-13 11:05:15,578 [3    ] ERROR DSASimpesFaipBridge.Roller.Device.ConnectionCheckerThread 220 - Software exception detected
System.Runtime.InteropServices.InvalidComObjectException: COM object that has been separated from its underlying RCW cannot be used.
   at System.RuntimeType.InvokeDispMethod(String name, BindingFlags invokeAttr, Object target, Object[] args, Boolean[] byrefModifiers, Int32 culture, String[] namedParameters)
   at System.RuntimeType.InvokeMember(String name, BindingFlags bindingFlags, Binder binder, Object target, Object[] providedArgs, ParameterModifier[] modifiers, CultureInfo culture, String[] namedParams)
   at System.RuntimeType.ForwardCallToInvokeMember(String memberName, BindingFlags flags, Object target, Int32[] aWrapperTypes, MessageData& msgData)
   at IROLLERLib._DIRoller.IsConnected()
   at AxIROLLERLib.AxIRoller.IsConnected()
   at DSASimpesFaipBridge.Roller.Device.ConnectionCheckerThread.DoUnitOfWork(Int32& tick) in d:\Work\Corghi\Nambuco\DSASimpesFaipBridge\Roller\Device\ConnectionCheckerThread.cs:line 178
2013-11-13 11:05:15,709 [12   ] ERROR Roller.RollerDevice 416 - Software exception
System.Runtime.InteropServices.InvalidComObjectException: COM object that has been separated from its underlying RCW cannot be used.
   at System.RuntimeType.InvokeDispMethod(String name, BindingFlags invokeAttr, Object target, Object[] args, Boolean[] byrefModifiers, Int32 culture, String[] namedParameters)
   at System.RuntimeType.InvokeMember(String name, BindingFlags bindingFlags, Binder binder, Object target, Object[] providedArgs, ParameterModifier[] modifiers, CultureInfo culture, String[] namedParams)
   at System.RuntimeType.ForwardCallToInvokeMember(String memberName, BindingFlags flags, Object target, Int32[] aWrapperTypes, MessageData& msgData)
   at IROLLERLib._DIRoller.IsConnected()
   at AxIROLLERLib.AxIRoller.IsConnected()
   at Roller.RollerDevice.get_IsConnected() in d:\Work\Corghi\Nambuco\DSASimpesFaipBridge\Roller\Device\RollerDevice.cs:line 412
2013-11-13 11:05:16,225 [12   ] ERROR Roller.RollerDevice 416 - Software exception
System.Runtime.InteropServices.InvalidComObjectException: COM object that has been separated from its underlying RCW cannot be used.
   at System.RuntimeType.InvokeDispMethod(String name, BindingFlags invokeAttr, Object target, Object[] args, Boolean[] byrefModifiers, Int32 culture, String[] namedParameters)
   at System.RuntimeType.InvokeMember(String name, BindingFlags bindingFlags, Binder binder, Object target, Object[] providedArgs, ParameterModifier[] modifiers, CultureInfo culture, String[] namedParams)
   at System.RuntimeType.ForwardCallToInvokeMember(String memberName, BindingFlags flags, Object target, Int32[] aWrapperTypes, MessageData& msgData)
   at IROLLERLib._DIRoller.IsConnected()
   at AxIROLLERLib.AxIRoller.IsConnected()
   at Roller.RollerDevice.get_IsConnected() in d:\Work\Corghi\Nambuco\DSASimpesFaipBridge\Roller\Device\RollerDevice.cs:line 412
2013-11-13 11:05:16,742 [12   ] ERROR Roller.RollerDevice 416 - Software exception
System.Runtime.InteropServices.InvalidComObjectException: COM object that has been separated from its underlying RCW cannot be used.
   at System.RuntimeType.InvokeDispMethod(String name, BindingFlags invokeAttr, Object target, Object[] args, Boolean[] byrefModifiers, Int32 culture, String[] namedParameters)
   at System.RuntimeType.InvokeMember(String name, BindingFlags bindingFlags, Binder binder, Object target, Object[] providedArgs, ParameterModifier[] modifiers, CultureInfo culture, String[] namedParams)
   at System.RuntimeType.ForwardCallToInvokeMember(String memberName, BindingFlags flags, Object target, Int32[] aWrapperTypes, MessageData& msgData)
   at IROLLERLib._DIRoller.IsConnected()
   at AxIROLLERLib.AxIRoller.IsConnected()
   at Roller.RollerDevice.get_IsConnected() in d:\Work\Corghi\Nambuco\DSASimpesFaipBridge\Roller\Device\RollerDevice.cs:line 412
2013-11-13 11:20:29,888 [10   ] INFO  Roller.RollerDevice 766 - Roller driver initialized. IpServer: 192.168.1.10 TimerPolling: 100 TimerConnectionLost: 2000 ServerPort: 2000 ClientPort: 2001 IdClient: 31
2013-11-13 11:23:36,068 [9    ] INFO  Roller.RollerDevice 766 - Roller driver initialized. IpServer: 192.168.1.10 TimerPolling: 100 TimerConnectionLost: 2000 ServerPort: 2000 ClientPort: 2001 IdClient: 31
2013-11-13 11:23:54,668 [10   ] INFO  Roller.RollerDevice 766 - Roller driver initialized. IpServer: 192.168.1.10 TimerPolling: 100 TimerConnectionLost: 2000 ServerPort: 2000 ClientPort: 2001 IdClient: 31
2013-11-13 11:24:25,212 [9    ] INFO  Roller.RollerDevice 766 - Roller driver initialized. IpServer: 192.168.1.10 TimerPolling: 100 TimerConnectionLost: 2000 ServerPort: 2000 ClientPort: 2001 IdClient: 31
2013-11-13 11:24:59,365 [8    ] INFO  Roller.RollerDevice 766 - Roller driver initialized. IpServer: 192.168.1.10 TimerPolling: 100 TimerConnectionLost: 2000 ServerPort: 2000 ClientPort: 2001 IdClient: 31
2013-11-13 11:57:43,666 [9    ] INFO  Roller.RollerDevice 766 - Roller driver initialized. IpServer: 192.168.1.10 TimerPolling: 100 TimerConnectionLost: 2000 ServerPort: 2000 ClientPort: 2001 IdClient: 31
2013-11-13 11:57:45,282 [12   ] ERROR Roller.RollerDevice 416 - Software exception
System.Runtime.InteropServices.InvalidComObjectException: COM object that has been separated from its underlying RCW cannot be used.
   at System.RuntimeType.InvokeDispMethod(String name, BindingFlags invokeAttr, Object target, Object[] args, Boolean[] byrefModifiers, Int32 culture, String[] namedParameters)
   at System.RuntimeType.InvokeMember(String name, BindingFlags bindingFlags, Binder binder, Object target, Object[] providedArgs, ParameterModifier[] modifiers, CultureInfo culture, String[] namedParams)
   at System.RuntimeType.ForwardCallToInvokeMember(String memberName, BindingFlags flags, Object target, Int32[] aWrapperTypes, MessageData& msgData)
   at IROLLERLib._DIRoller.IsConnected()
   at AxIROLLERLib.AxIRoller.IsConnected()
   at Roller.RollerDevice.get_IsConnected() in d:\Work\Corghi\Nambuco\DSASimpesFaipBridge\Roller\Device\RollerDevice.cs:line 412
2013-11-13 11:57:45,799 [12   ] ERROR Roller.RollerDevice 416 - Software exception
System.Runtime.InteropServices.InvalidComObjectException: COM object that has been separated from its underlying RCW cannot be used.
   at System.RuntimeType.InvokeDispMethod(String name, BindingFlags invokeAttr, Object target, Object[] args, Boolean[] byrefModifiers, Int32 culture, String[] namedParameters)
   at System.RuntimeType.InvokeMember(String name, BindingFlags bindingFlags, Binder binder, Object target, Object[] providedArgs, ParameterModifier[] modifiers, CultureInfo culture, String[] namedParams)
   at System.RuntimeType.ForwardCallToInvokeMember(String memberName, BindingFlags flags, Object target, Int32[] aWrapperTypes, MessageData& msgData)
   at IROLLERLib._DIRoller.IsConnected()
   at AxIROLLERLib.AxIRoller.IsConnected()
   at Roller.RollerDevice.get_IsConnected() in d:\Work\Corghi\Nambuco\DSASimpesFaipBridge\Roller\Device\RollerDevice.cs:line 412
2013-11-13 11:57:46,316 [12   ] ERROR Roller.RollerDevice 416 - Software exception
System.Runtime.InteropServices.InvalidComObjectException: COM object that has been separated from its underlying RCW cannot be used.
   at System.RuntimeType.InvokeDispMethod(String name, BindingFlags invokeAttr, Object target, Object[] args, Boolean[] byrefModifiers, Int32 culture, String[] namedParameters)
   at System.RuntimeType.InvokeMember(String name, BindingFlags bindingFlags, Binder binder, Object target, Object[] providedArgs, ParameterModifier[] modifiers, CultureInfo culture, String[] namedParams)
   at System.RuntimeType.ForwardCallToInvokeMember(String memberName, BindingFlags flags, Object target, Int32[] aWrapperTypes, MessageData& msgData)
   at IROLLERLib._DIRoller.IsConnected()
   at AxIROLLERLib.AxIRoller.IsConnected()
   at Roller.RollerDevice.get_IsConnected() in d:\Work\Corghi\Nambuco\DSASimpesFaipBridge\Roller\Device\RollerDevice.cs:line 412
2013-11-13 11:57:46,832 [12   ] ERROR Roller.RollerDevice 416 - Software exception
System.Runtime.InteropServices.InvalidComObjectException: COM object that has been separated from its underlying RCW cannot be used.
   at System.RuntimeType.InvokeDispMethod(String name, BindingFlags invokeAttr, Object target, Object[] args, Boolean[] byrefModifiers, Int32 culture, String[] namedParameters)
   at System.RuntimeType.InvokeMember(String name, BindingFlags bindingFlags, Binder binder, Object target, Object[] providedArgs, ParameterModifier[] modifiers, CultureInfo culture, String[] namedParams)
   at System.RuntimeType.ForwardCallToInvokeMember(String memberName, BindingFlags flags, Object target, Int32[] aWrapperTypes, MessageData& msgData)
   at IROLLERLib._DIRoller.IsConnected()
   at AxIROLLERLib.AxIRoller.IsConnected()
   at Roller.RollerDevice.get_IsConnected() in d:\Work\Corghi\Nambuco\DSASimpesFaipBridge\Roller\Device\RollerDevice.cs:line 412
2013-11-13 11:58:06,626 [10   ] INFO  Roller.RollerDevice 766 - Roller driver initialized. IpServer: 192.168.1.10 TimerPolling: 100 TimerConnectionLost: 2000 ServerPort: 2000 ClientPort: 2001 IdClient: 31
2013-11-13 11:58:11,155 [10   ] INFO  Roller.RollerDevice 766 - Roller driver initialized. IpServer: 192.168.1.10 TimerPolling: 100 TimerConnectionLost: 2000 ServerPort: 2000 ClientPort: 2001 IdClient: 31
2013-11-13 11:58:36,856 [9    ] INFO  Roller.RollerDevice 766 - Roller driver initialized. IpServer: 192.168.1.10 TimerPolling: 100 TimerConnectionLost: 2000 ServerPort: 2000 ClientPort: 2001 IdClient: 31
2013-11-13 11:59:05,709 [13   ] INFO  Roller.RollerDevice 1855 - Command StartTest was in progress
2013-11-13 11:59:05,793 [13   ] INFO  Roller.RollerDevice 1876 - Command StartTest was succeded
2013-11-13 11:59:06,298 [13   ] INFO  Roller.RollerDevice 1855 - Command StartTest was in progress
2013-11-13 11:59:17,534 [10   ] INFO  Roller.RollerDevice 766 - Roller driver initialized. IpServer: 192.168.1.10 TimerPolling: 100 TimerConnectionLost: 2000 ServerPort: 2000 ClientPort: 2001 IdClient: 31
2013-11-13 11:59:40,305 [12   ] INFO  Roller.RollerDevice 1855 - Command StartTest was in progress
2013-11-13 11:59:40,390 [12   ] INFO  Roller.RollerDevice 1876 - Command StartTest was succeded
2013-11-13 12:01:15,610 [8    ] INFO  Roller.RollerDevice 766 - Roller driver initialized. IpServer: 192.168.1.10 TimerPolling: 100 TimerConnectionLost: 2000 ServerPort: 2000 ClientPort: 2001 IdClient: 31
2013-11-13 12:01:44,334 [9    ] INFO  Roller.RollerDevice 766 - Roller driver initialized. IpServer: 192.168.1.10 TimerPolling: 100 TimerConnectionLost: 2000 ServerPort: 2000 ClientPort: 2001 IdClient: 31
2013-11-13 12:08:17,603 [9    ] INFO  Roller.RollerDevice 766 - Roller driver initialized. IpServer: 192.168.1.10 TimerPolling: 100 TimerConnectionLost: 2000 ServerPort: 2000 ClientPort: 2001 IdClient: 31
2013-11-13 12:08:35,430 [12   ] INFO  Roller.RollerDevice 1855 - Command StartTest was in progress
2013-11-13 12:08:35,534 [12   ] INFO  Roller.RollerDevice 1876 - Command StartTest was succeded
2013-11-13 12:08:36,044 [12   ] INFO  Roller.RollerDevice 1855 - Command StartTest was in progress
2013-11-13 12:08:53,914 [10   ] INFO  Roller.RollerDevice 766 - Roller driver initialized. IpServer: 192.168.1.10 TimerPolling: 100 TimerConnectionLost: 2000 ServerPort: 2000 ClientPort: 2001 IdClient: 31
2013-11-13 12:09:07,109 [13   ] INFO  Roller.RollerDevice 1855 - Command StartTest was in progress
2013-11-13 12:09:07,191 [13   ] INFO  Roller.RollerDevice 1876 - Command StartTest was succeded
2013-11-13 12:09:28,606 [8    ] INFO  Roller.RollerDevice 766 - Roller driver initialized. IpServer: 192.168.1.10 TimerPolling: 100 TimerConnectionLost: 2000 ServerPort: 2000 ClientPort: 2001 IdClient: 31
2013-11-13 12:09:35,234 [10   ] INFO  Roller.RollerDevice 766 - Roller driver initialized. IpServer: 192.168.1.10 TimerPolling: 100 TimerConnectionLost: 2000 ServerPort: 2000 ClientPort: 2001 IdClient: 31
2013-11-13 12:09:38,806 [12   ] INFO  Roller.RollerDevice 1855 - Command StartTest was in progress
2013-11-13 12:09:38,903 [12   ] INFO  Roller.RollerDevice 1876 - Command StartTest was succeded
2013-11-13 12:09:43,849 [12   ] INFO  Roller.RollerDevice 1855 - Command StartTest was in progress
2013-11-13 12:09:52,464 [10   ] INFO  Roller.RollerDevice 766 - Roller driver initialized. IpServer: 192.168.1.10 TimerPolling: 100 TimerConnectionLost: 2000 ServerPort: 2000 ClientPort: 2001 IdClient: 31
2013-11-13 12:09:58,111 [13   ] INFO  Roller.RollerDevice 1855 - Command StartTest was in progress
2013-11-13 12:09:58,231 [13   ] INFO  Roller.RollerDevice 1876 - Command StartTest was succeded
2013-11-13 12:10:11,341 [13   ] INFO  Roller.RollerDevice 1855 - Command StartTest was in progress
2013-11-13 12:11:17,736 [10   ] INFO  Roller.RollerDevice 766 - Roller driver initialized. IpServer: 192.168.1.10 TimerPolling: 100 TimerConnectionLost: 2000 ServerPort: 2000 ClientPort: 2001 IdClient: 31
2013-11-13 12:11:19,319 [14   ] INFO  Roller.RollerDevice 1855 - Command StartTest was in progress
2013-11-13 12:11:19,415 [14   ] INFO  Roller.RollerDevice 1876 - Command StartTest was succeded
2013-11-13 12:11:19,924 [14   ] INFO  Roller.RollerDevice 1855 - Command StartTest was in progress
2013-11-13 12:11:20,040 [14   ] INFO  Roller.RollerDevice 1876 - Command StartTest was succeded
2013-11-13 12:11:20,554 [14   ] INFO  Roller.RollerDevice 1855 - Command StartTest was in progress
2013-11-13 12:11:20,664 [14   ] INFO  Roller.RollerDevice 1876 - Command StartTest was succeded
2013-11-13 12:11:21,171 [14   ] INFO  Roller.RollerDevice 1855 - Command StartTest was in progress
2013-11-13 12:11:21,287 [14   ] INFO  Roller.RollerDevice 1876 - Command StartTest was succeded
2013-11-13 12:11:21,792 [14   ] INFO  Roller.RollerDevice 1855 - Command StartTest was in progress
2013-11-13 12:11:21,912 [14   ] INFO  Roller.RollerDevice 1876 - Command StartTest was succeded
2013-11-13 12:11:22,424 [14   ] INFO  Roller.RollerDevice 1855 - Command StartTest was in progress
2013-11-13 12:11:22,535 [14   ] INFO  Roller.RollerDevice 1876 - Command StartTest was succeded
2013-11-13 12:11:23,042 [14   ] INFO  Roller.RollerDevice 1855 - Command StartTest was in progress
2013-11-13 12:11:23,156 [14   ] INFO  Roller.RollerDevice 1876 - Command StartTest was succeded
2013-11-13 12:11:23,667 [14   ] INFO  Roller.RollerDevice 1855 - Command StartTest was in progress
2013-11-13 12:11:23,784 [14   ] INFO  Roller.RollerDevice 1876 - Command StartTest was succeded
2013-11-13 12:11:24,300 [14   ] INFO  Roller.RollerDevice 1855 - Command StartTest was in progress
2013-11-13 12:11:24,421 [14   ] INFO  Roller.RollerDevice 1876 - Command StartTest was succeded
2013-11-13 12:11:24,930 [14   ] INFO  Roller.RollerDevice 1855 - Command StartTest was in progress
2013-11-13 12:11:25,048 [14   ] INFO  Roller.RollerDevice 1876 - Command StartTest was succeded
2013-11-13 12:11:25,556 [14   ] INFO  Roller.RollerDevice 1855 - Command StartTest was in progress
2013-11-13 12:11:25,672 [14   ] INFO  Roller.RollerDevice 1876 - Command StartTest was succeded
2013-11-13 12:11:26,183 [14   ] INFO  Roller.RollerDevice 1855 - Command StartTest was in progress
2013-11-13 12:11:26,297 [14   ] INFO  Roller.RollerDevice 1876 - Command StartTest was succeded
2013-11-13 12:11:26,808 [14   ] INFO  Roller.RollerDevice 1855 - Command StartTest was in progress
2013-11-13 12:11:26,922 [14   ] INFO  Roller.RollerDevice 1876 - Command StartTest was succeded
2013-11-13 12:14:37,592 [10   ] INFO  Roller.RollerDevice 766 - Roller driver initialized. IpServer: 192.168.1.10 TimerPolling: 100 TimerConnectionLost: 2000 ServerPort: 2000 ClientPort: 2001 IdClient: 31
2013-11-13 12:14:40,593 [12   ] INFO  Roller.RollerDevice 1855 - Command StartTest was in progress
2013-11-13 12:14:40,642 [12   ] INFO  Roller.RollerDevice 1876 - Command StartTest was succeded
2013-11-13 12:14:51,513 [12   ] INFO  Roller.RollerDevice 1848 - Command StartTest was succeded
2013-11-13 12:14:57,602 [12   ] INFO  Roller.RollerDevice 1855 - Command StartTest was in progress
2013-11-13 12:14:57,674 [12   ] INFO  Roller.RollerDevice 1876 - Command StartTest was succeded
2013-11-13 12:14:59,006 [12   ] INFO  Roller.RollerDevice 1855 - Command StartTest was in progress
2013-11-13 12:14:59,111 [12   ] INFO  Roller.RollerDevice 1876 - Command StartTest was succeded
2013-11-13 12:14:59,619 [12   ] INFO  Roller.RollerDevice 1855 - Command StartTest was in progress
2013-11-13 12:14:59,735 [12   ] INFO  Roller.RollerDevice 1876 - Command StartTest was succeded
2013-11-13 12:15:00,242 [12   ] INFO  Roller.RollerDevice 1855 - Command StartTest was in progress
2013-11-13 12:15:00,358 [12   ] INFO  Roller.RollerDevice 1876 - Command StartTest was succeded
2013-11-13 12:15:00,867 [12   ] INFO  Roller.RollerDevice 1855 - Command StartTest was in progress
2013-11-13 12:15:00,985 [12   ] INFO  Roller.RollerDevice 1876 - Command StartTest was succeded
2013-11-13 12:15:01,499 [12   ] INFO  Roller.RollerDevice 1855 - Command StartTest was in progress
2013-11-13 12:15:01,607 [12   ] INFO  Roller.RollerDevice 1876 - Command StartTest was succeded
2013-11-13 12:15:02,115 [12   ] INFO  Roller.RollerDevice 1855 - Command StartTest was in progress
2013-11-13 12:15:02,234 [12   ] INFO  Roller.RollerDevice 1876 - Command StartTest was succeded
2013-11-13 12:15:02,747 [12   ] INFO  Roller.RollerDevice 1855 - Command StartTest was in progress
2013-11-13 12:15:02,855 [12   ] INFO  Roller.RollerDevice 1876 - Command StartTest was succeded
2013-11-13 12:15:03,364 [12   ] INFO  Roller.RollerDevice 1855 - Command StartTest was in progress
2013-11-13 12:15:03,481 [12   ] INFO  Roller.RollerDevice 1876 - Command StartTest was succeded
2013-11-13 12:15:03,991 [12   ] INFO  Roller.RollerDevice 1855 - Command StartTest was in progress
2013-11-13 12:15:04,106 [12   ] INFO  Roller.RollerDevice 1876 - Command StartTest was succeded
2013-11-13 12:15:04,620 [12   ] INFO  Roller.RollerDevice 1855 - Command StartTest was in progress
2013-11-13 12:15:04,727 [12   ] INFO  Roller.RollerDevice 1876 - Command StartTest was succeded
2013-11-13 12:15:05,238 [12   ] INFO  Roller.RollerDevice 1855 - Command StartTest was in progress
2013-11-13 12:15:05,352 [12   ] INFO  Roller.RollerDevice 1876 - Command StartTest was succeded
2013-11-13 12:15:05,872 [12   ] INFO  Roller.RollerDevice 1855 - Command StartTest was in progress
2013-11-13 12:15:05,976 [12   ] INFO  Roller.RollerDevice 1876 - Command StartTest was succeded
2013-11-13 12:15:06,481 [12   ] INFO  Roller.RollerDevice 1855 - Command StartTest was in progress
2013-11-13 12:15:06,598 [12   ] INFO  Roller.RollerDevice 1876 - Command StartTest was succeded
2013-11-13 12:15:07,108 [12   ] INFO  Roller.RollerDevice 1855 - Command StartTest was in progress
2013-11-13 12:15:07,224 [12   ] INFO  Roller.RollerDevice 1876 - Command StartTest was succeded
2013-11-13 12:15:24,216 [10   ] INFO  Roller.RollerDevice 766 - Roller driver initialized. IpServer: 192.168.1.10 TimerPolling: 100 TimerConnectionLost: 2000 ServerPort: 2000 ClientPort: 2001 IdClient: 31
2013-11-13 12:15:27,450 [13   ] INFO  Roller.RollerDevice 1855 - Command StartTest was in progress
2013-11-13 12:15:27,516 [13   ] INFO  Roller.RollerDevice 1876 - Command StartTest was succeded
2013-11-13 12:16:05,298 [10   ] INFO  Roller.RollerDevice 766 - Roller driver initialized. IpServer: 192.168.1.10 TimerPolling: 100 TimerConnectionLost: 2000 ServerPort: 2000 ClientPort: 2001 IdClient: 31
2013-11-13 12:16:07,440 [13   ] INFO  Roller.RollerDevice 1855 - Command StartTest was in progress
2013-11-13 12:16:07,503 [13   ] INFO  Roller.RollerDevice 1876 - Command StartTest was succeded
2013-11-13 12:16:15,901 [13   ] INFO  Roller.RollerDevice 1855 - Command CambioPasso, Parameter=2500 was in progress
2013-11-13 12:16:22,134 [13   ] INFO  Roller.RollerDevice 1876 - Command CambioPasso, Parameter=2500 was succeded
2013-11-13 12:25:37,060 [9    ] INFO  Roller.RollerDevice 766 - Roller driver initialized. IpServer: 192.168.1.10 TimerPolling: 100 TimerConnectionLost: 2000 ServerPort: 2000 ClientPort: 2001 IdClient: 31
2013-11-13 12:25:38,643 [12   ] INFO  Roller.RollerDevice 1855 - Command StartTest was in progress
2013-11-13 12:25:38,733 [12   ] ERROR Roller.RollerDevice 1881 - Command StartTest was failed
2013-11-13 12:25:44,502 [12   ] INFO  Roller.RollerDevice 1855 - Command CambioPasso, Parameter=2000 was in progress
2013-11-13 12:25:44,601 [12   ] ERROR Roller.RollerDevice 1881 - Command CambioPasso, Parameter=2000 was failed
2013-11-13 12:26:05,021 [12   ] INFO  Roller.RollerDevice 1855 - Command StartTest was in progress
2013-11-13 12:26:05,113 [12   ] INFO  Roller.RollerDevice 1876 - Command StartTest was succeded
2013-11-13 12:26:11,414 [12   ] INFO  Roller.RollerDevice 1855 - Command CambioPasso, Parameter=2000 was in progress
2013-11-13 12:26:16,654 [12   ] INFO  Roller.RollerDevice 1876 - Command CambioPasso, Parameter=2000 was succeded
2013-11-13 12:26:20,848 [12   ] INFO  Roller.RollerDevice 1855 - Command CambioPasso, Parameter=1500 was in progress
2013-11-13 12:26:22,518 [12   ] INFO  Roller.RollerDevice 1876 - Command CambioPasso, Parameter=1500 was succeded
2013-11-13 12:26:28,827 [12   ] INFO  Roller.RollerDevice 1855 - Command CambioPasso, Parameter=4000 was in progress
2013-11-13 12:26:35,562 [12   ] INFO  Roller.RollerDevice 1876 - Command CambioPasso, Parameter=4000 was succeded
2013-11-13 12:28:55,280 [12   ] INFO  Roller.RollerDevice 1855 - Command StartTest was in progress
2013-11-13 12:29:10,016 [10   ] INFO  Roller.RollerDevice 766 - Roller driver initialized. IpServer: 192.168.1.10 TimerPolling: 100 TimerConnectionLost: 2000 ServerPort: 2000 ClientPort: 2001 IdClient: 31
2013-11-13 12:29:13,731 [13   ] INFO  Roller.RollerDevice 1855 - Command StartTest was in progress
2013-11-13 12:29:32,136 [7    ] INFO  Roller.RollerDevice 766 - Roller driver initialized. IpServer: 192.168.1.10 TimerPolling: 100 TimerConnectionLost: 2000 ServerPort: 2000 ClientPort: 2001 IdClient: 31
2013-11-13 12:29:40,589 [11   ] INFO  Roller.RollerDevice 1855 - Command StartTest was in progress
2013-11-13 12:29:40,704 [11   ] INFO  Roller.RollerDevice 1876 - Command StartTest was succeded
2013-11-13 12:39:23,508 [10   ] INFO  Roller.RollerDevice 766 - Roller driver initialized. IpServer: 192.168.1.10 TimerPolling: 100 TimerConnectionLost: 2000 ServerPort: 2000 ClientPort: 2001 IdClient: 31
2013-11-13 12:39:26,674 [13   ] INFO  Roller.RollerDevice 1855 - Command StartTest was in progress
2013-11-13 12:39:42,502 [10   ] INFO  Roller.RollerDevice 766 - Roller driver initialized. IpServer: 192.168.1.10 TimerPolling: 100 TimerConnectionLost: 2000 ServerPort: 2000 ClientPort: 2001 IdClient: 31
2013-11-13 12:39:55,309 [13   ] INFO  Roller.RollerDevice 1855 - Command StartTest was in progress
2013-11-13 12:39:55,395 [13   ] INFO  Roller.RollerDevice 1876 - Command StartTest was succeded
2013-11-13 12:39:58,535 [13   ] INFO  Roller.RollerDevice 1855 - Command CambioPasso, Parameter=2000 was in progress
2013-11-13 12:40:03,772 [13   ] INFO  Roller.RollerDevice 1876 - Command CambioPasso, Parameter=2000 was succeded
2013-11-13 12:40:28,708 [10   ] INFO  Roller.RollerDevice 766 - Roller driver initialized. IpServer: 192.168.1.10 TimerPolling: 100 TimerConnectionLost: 2000 ServerPort: 2000 ClientPort: 2001 IdClient: 31
2013-11-13 12:40:30,302 [13   ] INFO  Roller.RollerDevice 1855 - Command StartTest was in progress
2013-11-13 12:40:30,387 [13   ] INFO  Roller.RollerDevice 1876 - Command StartTest was succeded
2013-11-13 12:40:35,084 [13   ] INFO  Roller.RollerDevice 1855 - Command CambioPasso, Parameter=2500 was in progress
2013-11-13 12:40:36,756 [13   ] INFO  Roller.RollerDevice 1876 - Command CambioPasso, Parameter=2500 was succeded
2013-11-13 12:40:39,151 [13   ] INFO  Roller.RollerDevice 1855 - Command StartCiclo, Parameter=2500, Param_2=0 was in progress
2013-11-13 12:40:47,045 [13   ] INFO  Roller.RollerDevice 1876 - Command StartCiclo, Parameter=2500, Param_2=0 was succeded
2013-11-13 12:44:22,632 [9    ] INFO  Roller.RollerDevice 766 - Roller driver initialized. IpServer: 192.168.1.10 TimerPolling: 100 TimerConnectionLost: 2000 ServerPort: 2000 ClientPort: 2001 IdClient: 31
2013-11-13 12:45:18,415 [9    ] INFO  Roller.RollerDevice 766 - Roller driver initialized. IpServer: 192.168.1.10 TimerPolling: 100 TimerConnectionLost: 2000 ServerPort: 2000 ClientPort: 2001 IdClient: 31
2013-11-13 14:24:29,815 [8    ] INFO  Roller.RollerDevice 766 - Roller driver initialized. IpServer: 192.168.1.10 TimerPolling: 100 TimerConnectionLost: 2000 ServerPort: 2000 ClientPort: 2001 IdClient: 31
2013-11-13 14:24:39,976 [10   ] ERROR DSASimpesFaipBridge.Roller.Device.ConnectionCheckerThread 220 - Software exception detected
System.Runtime.InteropServices.InvalidComObjectException: COM object that has been separated from its underlying RCW cannot be used.
   at System.RuntimeType.InvokeDispMethod(String name, BindingFlags invokeAttr, Object target, Object[] args, Boolean[] byrefModifiers, Int32 culture, String[] namedParameters)
   at System.RuntimeType.InvokeMember(String name, BindingFlags bindingFlags, Binder binder, Object target, Object[] providedArgs, ParameterModifier[] modifiers, CultureInfo culture, String[] namedParams)
   at System.RuntimeType.ForwardCallToInvokeMember(String memberName, BindingFlags flags, Object target, Int32[] aWrapperTypes, MessageData& msgData)
   at IROLLERLib._DIRoller.IsConnected()
   at AxIROLLERLib.AxIRoller.IsConnected()
   at DSASimpesFaipBridge.Roller.Device.ConnectionCheckerThread.DoUnitOfWork(Int32& tick) in d:\Work\Corghi\Nambuco\DSASimpesFaipBridge\Roller\Device\ConnectionCheckerThread.cs:line 178
2013-11-13 14:24:45,066 [10   ] ERROR DSASimpesFaipBridge.Roller.Device.ConnectionCheckerThread 220 - Software exception detected
System.Runtime.InteropServices.InvalidComObjectException: COM object that has been separated from its underlying RCW cannot be used.
   at System.RuntimeType.InvokeDispMethod(String name, BindingFlags invokeAttr, Object target, Object[] args, Boolean[] byrefModifiers, Int32 culture, String[] namedParameters)
   at System.RuntimeType.InvokeMember(String name, BindingFlags bindingFlags, Binder binder, Object target, Object[] providedArgs, ParameterModifier[] modifiers, CultureInfo culture, String[] namedParams)
   at System.RuntimeType.ForwardCallToInvokeMember(String memberName, BindingFlags flags, Object target, Int32[] aWrapperTypes, MessageData& msgData)
   at IROLLERLib._DIRoller.IsConnected()
   at AxIROLLERLib.AxIRoller.IsConnected()
   at DSASimpesFaipBridge.Roller.Device.ConnectionCheckerThread.DoUnitOfWork(Int32& tick) in d:\Work\Corghi\Nambuco\DSASimpesFaipBridge\Roller\Device\ConnectionCheckerThread.cs:line 178
2013-11-13 14:24:50,100 [10   ] ERROR DSASimpesFaipBridge.Roller.Device.ConnectionCheckerThread 220 - Software exception detected
System.Runtime.InteropServices.InvalidComObjectException: COM object that has been separated from its underlying RCW cannot be used.
   at System.RuntimeType.InvokeDispMethod(String name, BindingFlags invokeAttr, Object target, Object[] args, Boolean[] byrefModifiers, Int32 culture, String[] namedParameters)
   at System.RuntimeType.InvokeMember(String name, BindingFlags bindingFlags, Binder binder, Object target, Object[] providedArgs, ParameterModifier[] modifiers, CultureInfo culture, String[] namedParams)
   at System.RuntimeType.ForwardCallToInvokeMember(String memberName, BindingFlags flags, Object target, Int32[] aWrapperTypes, MessageData& msgData)
   at IROLLERLib._DIRoller.IsConnected()
   at AxIROLLERLib.AxIRoller.IsConnected()
   at DSASimpesFaipBridge.Roller.Device.ConnectionCheckerThread.DoUnitOfWork(Int32& tick) in d:\Work\Corghi\Nambuco\DSASimpesFaipBridge\Roller\Device\ConnectionCheckerThread.cs:line 178
2013-11-13 14:24:55,128 [10   ] ERROR DSASimpesFaipBridge.Roller.Device.ConnectionCheckerThread 220 - Software exception detected
System.Runtime.InteropServices.InvalidComObjectException: COM object that has been separated from its underlying RCW cannot be used.
   at System.RuntimeType.InvokeDispMethod(String name, BindingFlags invokeAttr, Object target, Object[] args, Boolean[] byrefModifiers, Int32 culture, String[] namedParameters)
   at System.RuntimeType.InvokeMember(String name, BindingFlags bindingFlags, Binder binder, Object target, Object[] providedArgs, ParameterModifier[] modifiers, CultureInfo culture, String[] namedParams)
   at System.RuntimeType.ForwardCallToInvokeMember(String memberName, BindingFlags flags, Object target, Int32[] aWrapperTypes, MessageData& msgData)
   at IROLLERLib._DIRoller.IsConnected()
   at AxIROLLERLib.AxIRoller.IsConnected()
   at DSASimpesFaipBridge.Roller.Device.ConnectionCheckerThread.DoUnitOfWork(Int32& tick) in d:\Work\Corghi\Nambuco\DSASimpesFaipBridge\Roller\Device\ConnectionCheckerThread.cs:line 178
2013-11-13 14:25:00,140 [10   ] ERROR DSASimpesFaipBridge.Roller.Device.ConnectionCheckerThread 220 - Software exception detected
System.Runtime.InteropServices.InvalidComObjectException: COM object that has been separated from its underlying RCW cannot be used.
   at System.RuntimeType.InvokeDispMethod(String name, BindingFlags invokeAttr, Object target, Object[] args, Boolean[] byrefModifiers, Int32 culture, String[] namedParameters)
   at System.RuntimeType.InvokeMember(String name, BindingFlags bindingFlags, Binder binder, Object target, Object[] providedArgs, ParameterModifier[] modifiers, CultureInfo culture, String[] namedParams)
   at System.RuntimeType.ForwardCallToInvokeMember(String memberName, BindingFlags flags, Object target, Int32[] aWrapperTypes, MessageData& msgData)
   at IROLLERLib._DIRoller.IsConnected()
   at AxIROLLERLib.AxIRoller.IsConnected()
   at DSASimpesFaipBridge.Roller.Device.ConnectionCheckerThread.DoUnitOfWork(Int32& tick) in d:\Work\Corghi\Nambuco\DSASimpesFaipBridge\Roller\Device\ConnectionCheckerThread.cs:line 178
2013-11-13 14:25:05,158 [10   ] ERROR DSASimpesFaipBridge.Roller.Device.ConnectionCheckerThread 220 - Software exception detected
System.Runtime.InteropServices.InvalidComObjectException: COM object that has been separated from its underlying RCW cannot be used.
   at System.RuntimeType.InvokeDispMethod(String name, BindingFlags invokeAttr, Object target, Object[] args, Boolean[] byrefModifiers, Int32 culture, String[] namedParameters)
   at System.RuntimeType.InvokeMember(String name, BindingFlags bindingFlags, Binder binder, Object target, Object[] providedArgs, ParameterModifier[] modifiers, CultureInfo culture, String[] namedParams)
   at System.RuntimeType.ForwardCallToInvokeMember(String memberName, BindingFlags flags, Object target, Int32[] aWrapperTypes, MessageData& msgData)
   at IROLLERLib._DIRoller.IsConnected()
   at AxIROLLERLib.AxIRoller.IsConnected()
   at DSASimpesFaipBridge.Roller.Device.ConnectionCheckerThread.DoUnitOfWork(Int32& tick) in d:\Work\Corghi\Nambuco\DSASimpesFaipBridge\Roller\Device\ConnectionCheckerThread.cs:line 178
2013-11-13 14:25:10,165 [10   ] ERROR DSASimpesFaipBridge.Roller.Device.ConnectionCheckerThread 220 - Software exception detected
System.Runtime.InteropServices.InvalidComObjectException: COM object that has been separated from its underlying RCW cannot be used.
   at System.RuntimeType.InvokeDispMethod(String name, BindingFlags invokeAttr, Object target, Object[] args, Boolean[] byrefModifiers, Int32 culture, String[] namedParameters)
   at System.RuntimeType.InvokeMember(String name, BindingFlags bindingFlags, Binder binder, Object target, Object[] providedArgs, ParameterModifier[] modifiers, CultureInfo culture, String[] namedParams)
   at System.RuntimeType.ForwardCallToInvokeMember(String memberName, BindingFlags flags, Object target, Int32[] aWrapperTypes, MessageData& msgData)
   at IROLLERLib._DIRoller.IsConnected()
   at AxIROLLERLib.AxIRoller.IsConnected()
   at DSASimpesFaipBridge.Roller.Device.ConnectionCheckerThread.DoUnitOfWork(Int32& tick) in d:\Work\Corghi\Nambuco\DSASimpesFaipBridge\Roller\Device\ConnectionCheckerThread.cs:line 178
2013-11-13 14:25:15,184 [10   ] ERROR DSASimpesFaipBridge.Roller.Device.ConnectionCheckerThread 220 - Software exception detected
System.Runtime.InteropServices.InvalidComObjectException: COM object that has been separated from its underlying RCW cannot be used.
   at System.RuntimeType.InvokeDispMethod(String name, BindingFlags invokeAttr, Object target, Object[] args, Boolean[] byrefModifiers, Int32 culture, String[] namedParameters)
   at System.RuntimeType.InvokeMember(String name, BindingFlags bindingFlags, Binder binder, Object target, Object[] providedArgs, ParameterModifier[] modifiers, CultureInfo culture, String[] namedParams)
   at System.RuntimeType.ForwardCallToInvokeMember(String memberName, BindingFlags flags, Object target, Int32[] aWrapperTypes, MessageData& msgData)
   at IROLLERLib._DIRoller.IsConnected()
   at AxIROLLERLib.AxIRoller.IsConnected()
   at DSASimpesFaipBridge.Roller.Device.ConnectionCheckerThread.DoUnitOfWork(Int32& tick) in d:\Work\Corghi\Nambuco\DSASimpesFaipBridge\Roller\Device\ConnectionCheckerThread.cs:line 178
2013-11-13 14:25:20,204 [10   ] ERROR DSASimpesFaipBridge.Roller.Device.ConnectionCheckerThread 220 - Software exception detected
System.Runtime.InteropServices.InvalidComObjectException: COM object that has been separated from its underlying RCW cannot be used.
   at System.RuntimeType.InvokeDispMethod(String name, BindingFlags invokeAttr, Object target, Object[] args, Boolean[] byrefModifiers, Int32 culture, String[] namedParameters)
   at System.RuntimeType.InvokeMember(String name, BindingFlags bindingFlags, Binder binder, Object target, Object[] providedArgs, ParameterModifier[] modifiers, CultureInfo culture, String[] namedParams)
   at System.RuntimeType.ForwardCallToInvokeMember(String memberName, BindingFlags flags, Object target, Int32[] aWrapperTypes, MessageData& msgData)
   at IROLLERLib._DIRoller.IsConnected()
   at AxIROLLERLib.AxIRoller.IsConnected()
   at DSASimpesFaipBridge.Roller.Device.ConnectionCheckerThread.DoUnitOfWork(Int32& tick) in d:\Work\Corghi\Nambuco\DSASimpesFaipBridge\Roller\Device\ConnectionCheckerThread.cs:line 178
2013-11-13 14:25:25,755 [10   ] ERROR DSASimpesFaipBridge.Roller.Device.ConnectionCheckerThread 220 - Software exception detected
System.Runtime.InteropServices.InvalidComObjectException: COM object that has been separated from its underlying RCW cannot be used.
   at System.RuntimeType.InvokeDispMethod(String name, BindingFlags invokeAttr, Object target, Object[] args, Boolean[] byrefModifiers, Int32 culture, String[] namedParameters)
   at System.RuntimeType.InvokeMember(String name, BindingFlags bindingFlags, Binder binder, Object target, Object[] providedArgs, ParameterModifier[] modifiers, CultureInfo culture, String[] namedParams)
   at System.RuntimeType.ForwardCallToInvokeMember(String memberName, BindingFlags flags, Object target, Int32[] aWrapperTypes, MessageData& msgData)
   at IROLLERLib._DIRoller.IsConnected()
   at AxIROLLERLib.AxIRoller.IsConnected()
   at DSASimpesFaipBridge.Roller.Device.ConnectionCheckerThread.DoUnitOfWork(Int32& tick) in d:\Work\Corghi\Nambuco\DSASimpesFaipBridge\Roller\Device\ConnectionCheckerThread.cs:line 178
2013-11-13 14:25:30,779 [10   ] ERROR DSASimpesFaipBridge.Roller.Device.ConnectionCheckerThread 220 - Software exception detected
System.Runtime.InteropServices.InvalidComObjectException: COM object that has been separated from its underlying RCW cannot be used.
   at System.RuntimeType.InvokeDispMethod(String name, BindingFlags invokeAttr, Object target, Object[] args, Boolean[] byrefModifiers, Int32 culture, String[] namedParameters)
   at System.RuntimeType.InvokeMember(String name, BindingFlags bindingFlags, Binder binder, Object target, Object[] providedArgs, ParameterModifier[] modifiers, CultureInfo culture, String[] namedParams)
   at System.RuntimeType.ForwardCallToInvokeMember(String memberName, BindingFlags flags, Object target, Int32[] aWrapperTypes, MessageData& msgData)
   at IROLLERLib._DIRoller.IsConnected()
   at AxIROLLERLib.AxIRoller.IsConnected()
   at DSASimpesFaipBridge.Roller.Device.ConnectionCheckerThread.DoUnitOfWork(Int32& tick) in d:\Work\Corghi\Nambuco\DSASimpesFaipBridge\Roller\Device\ConnectionCheckerThread.cs:line 178
2013-11-13 14:25:35,999 [10   ] ERROR DSASimpesFaipBridge.Roller.Device.ConnectionCheckerThread 220 - Software exception detected
System.Runtime.InteropServices.InvalidComObjectException: COM object that has been separated from its underlying RCW cannot be used.
   at System.RuntimeType.InvokeDispMethod(String name, BindingFlags invokeAttr, Object target, Object[] args, Boolean[] byrefModifiers, Int32 culture, String[] namedParameters)
   at System.RuntimeType.InvokeMember(String name, BindingFlags bindingFlags, Binder binder, Object target, Object[] providedArgs, ParameterModifier[] modifiers, CultureInfo culture, String[] namedParams)
   at System.RuntimeType.ForwardCallToInvokeMember(String memberName, BindingFlags flags, Object target, Int32[] aWrapperTypes, MessageData& msgData)
   at IROLLERLib._DIRoller.IsConnected()
   at AxIROLLERLib.AxIRoller.IsConnected()
   at DSASimpesFaipBridge.Roller.Device.ConnectionCheckerThread.DoUnitOfWork(Int32& tick) in d:\Work\Corghi\Nambuco\DSASimpesFaipBridge\Roller\Device\ConnectionCheckerThread.cs:line 178
2013-11-13 14:25:41,157 [10   ] ERROR DSASimpesFaipBridge.Roller.Device.ConnectionCheckerThread 220 - Software exception detected
System.Runtime.InteropServices.InvalidComObjectException: COM object that has been separated from its underlying RCW cannot be used.
   at System.RuntimeType.InvokeDispMethod(String name, BindingFlags invokeAttr, Object target, Object[] args, Boolean[] byrefModifiers, Int32 culture, String[] namedParameters)
   at System.RuntimeType.InvokeMember(String name, BindingFlags bindingFlags, Binder binder, Object target, Object[] providedArgs, ParameterModifier[] modifiers, CultureInfo culture, String[] namedParams)
   at System.RuntimeType.ForwardCallToInvokeMember(String memberName, BindingFlags flags, Object target, Int32[] aWrapperTypes, MessageData& msgData)
   at IROLLERLib._DIRoller.IsConnected()
   at AxIROLLERLib.AxIRoller.IsConnected()
   at DSASimpesFaipBridge.Roller.Device.ConnectionCheckerThread.DoUnitOfWork(Int32& tick) in d:\Work\Corghi\Nambuco\DSASimpesFaipBridge\Roller\Device\ConnectionCheckerThread.cs:line 178
2013-11-13 14:25:46,257 [10   ] ERROR DSASimpesFaipBridge.Roller.Device.ConnectionCheckerThread 220 - Software exception detected
System.Runtime.InteropServices.InvalidComObjectException: COM object that has been separated from its underlying RCW cannot be used.
   at System.RuntimeType.InvokeDispMethod(String name, BindingFlags invokeAttr, Object target, Object[] args, Boolean[] byrefModifiers, Int32 culture, String[] namedParameters)
   at System.RuntimeType.InvokeMember(String name, BindingFlags bindingFlags, Binder binder, Object target, Object[] providedArgs, ParameterModifier[] modifiers, CultureInfo culture, String[] namedParams)
   at System.RuntimeType.ForwardCallToInvokeMember(String memberName, BindingFlags flags, Object target, Int32[] aWrapperTypes, MessageData& msgData)
   at IROLLERLib._DIRoller.IsConnected()
   at AxIROLLERLib.AxIRoller.IsConnected()
   at DSASimpesFaipBridge.Roller.Device.ConnectionCheckerThread.DoUnitOfWork(Int32& tick) in d:\Work\Corghi\Nambuco\DSASimpesFaipBridge\Roller\Device\ConnectionCheckerThread.cs:line 178
2013-11-13 14:25:51,295 [10   ] ERROR DSASimpesFaipBridge.Roller.Device.ConnectionCheckerThread 220 - Software exception detected
System.Runtime.InteropServices.InvalidComObjectException: COM object that has been separated from its underlying RCW cannot be used.
   at System.RuntimeType.InvokeDispMethod(String name, BindingFlags invokeAttr, Object target, Object[] args, Boolean[] byrefModifiers, Int32 culture, String[] namedParameters)
   at System.RuntimeType.InvokeMember(String name, BindingFlags bindingFlags, Binder binder, Object target, Object[] providedArgs, ParameterModifier[] modifiers, CultureInfo culture, String[] namedParams)
   at System.RuntimeType.ForwardCallToInvokeMember(String memberName, BindingFlags flags, Object target, Int32[] aWrapperTypes, MessageData& msgData)
   at IROLLERLib._DIRoller.IsConnected()
   at AxIROLLERLib.AxIRoller.IsConnected()
   at DSASimpesFaipBridge.Roller.Device.ConnectionCheckerThread.DoUnitOfWork(Int32& tick) in d:\Work\Corghi\Nambuco\DSASimpesFaipBridge\Roller\Device\ConnectionCheckerThread.cs:line 178
2013-11-13 14:25:56,304 [10   ] ERROR DSASimpesFaipBridge.Roller.Device.ConnectionCheckerThread 220 - Software exception detected
System.Runtime.InteropServices.InvalidComObjectException: COM object that has been separated from its underlying RCW cannot be used.
   at System.RuntimeType.InvokeDispMethod(String name, BindingFlags invokeAttr, Object target, Object[] args, Boolean[] byrefModifiers, Int32 culture, String[] namedParameters)
   at System.RuntimeType.InvokeMember(String name, BindingFlags bindingFlags, Binder binder, Object target, Object[] providedArgs, ParameterModifier[] modifiers, CultureInfo culture, String[] namedParams)
   at System.RuntimeType.ForwardCallToInvokeMember(String memberName, BindingFlags flags, Object target, Int32[] aWrapperTypes, MessageData& msgData)
   at IROLLERLib._DIRoller.IsConnected()
   at AxIROLLERLib.AxIRoller.IsConnected()
   at DSASimpesFaipBridge.Roller.Device.ConnectionCheckerThread.DoUnitOfWork(Int32& tick) in d:\Work\Corghi\Nambuco\DSASimpesFaipBridge\Roller\Device\ConnectionCheckerThread.cs:line 178
2013-11-13 14:26:01,314 [10   ] ERROR DSASimpesFaipBridge.Roller.Device.ConnectionCheckerThread 220 - Software exception detected
System.Runtime.InteropServices.InvalidComObjectException: COM object that has been separated from its underlying RCW cannot be used.
   at System.RuntimeType.InvokeDispMethod(String name, BindingFlags invokeAttr, Object target, Object[] args, Boolean[] byrefModifiers, Int32 culture, String[] namedParameters)
   at System.RuntimeType.InvokeMember(String name, BindingFlags bindingFlags, Binder binder, Object target, Object[] providedArgs, ParameterModifier[] modifiers, CultureInfo culture, String[] namedParams)
   at System.RuntimeType.ForwardCallToInvokeMember(String memberName, BindingFlags flags, Object target, Int32[] aWrapperTypes, MessageData& msgData)
   at IROLLERLib._DIRoller.IsConnected()
   at AxIROLLERLib.AxIRoller.IsConnected()
   at DSASimpesFaipBridge.Roller.Device.ConnectionCheckerThread.DoUnitOfWork(Int32& tick) in d:\Work\Corghi\Nambuco\DSASimpesFaipBridge\Roller\Device\ConnectionCheckerThread.cs:line 178
2013-11-13 14:26:06,346 [10   ] ERROR DSASimpesFaipBridge.Roller.Device.ConnectionCheckerThread 220 - Software exception detected
System.Runtime.InteropServices.InvalidComObjectException: COM object that has been separated from its underlying RCW cannot be used.
   at System.RuntimeType.InvokeDispMethod(String name, BindingFlags invokeAttr, Object target, Object[] args, Boolean[] byrefModifiers, Int32 culture, String[] namedParameters)
   at System.RuntimeType.InvokeMember(String name, BindingFlags bindingFlags, Binder binder, Object target, Object[] providedArgs, ParameterModifier[] modifiers, CultureInfo culture, String[] namedParams)
   at System.RuntimeType.ForwardCallToInvokeMember(String memberName, BindingFlags flags, Object target, Int32[] aWrapperTypes, MessageData& msgData)
   at IROLLERLib._DIRoller.IsConnected()
   at AxIROLLERLib.AxIRoller.IsConnected()
   at DSASimpesFaipBridge.Roller.Device.ConnectionCheckerThread.DoUnitOfWork(Int32& tick) in d:\Work\Corghi\Nambuco\DSASimpesFaipBridge\Roller\Device\ConnectionCheckerThread.cs:line 178
2013-11-13 14:26:11,357 [10   ] ERROR DSASimpesFaipBridge.Roller.Device.ConnectionCheckerThread 220 - Software exception detected
System.Runtime.InteropServices.InvalidComObjectException: COM object that has been separated from its underlying RCW cannot be used.
   at System.RuntimeType.InvokeDispMethod(String name, BindingFlags invokeAttr, Object target, Object[] args, Boolean[] byrefModifiers, Int32 culture, String[] namedParameters)
   at System.RuntimeType.InvokeMember(String name, BindingFlags bindingFlags, Binder binder, Object target, Object[] providedArgs, ParameterModifier[] modifiers, CultureInfo culture, String[] namedParams)
   at System.RuntimeType.ForwardCallToInvokeMember(String memberName, BindingFlags flags, Object target, Int32[] aWrapperTypes, MessageData& msgData)
   at IROLLERLib._DIRoller.IsConnected()
   at AxIROLLERLib.AxIRoller.IsConnected()
   at DSASimpesFaipBridge.Roller.Device.ConnectionCheckerThread.DoUnitOfWork(Int32& tick) in d:\Work\Corghi\Nambuco\DSASimpesFaipBridge\Roller\Device\ConnectionCheckerThread.cs:line 178
2013-11-13 14:26:16,367 [10   ] ERROR DSASimpesFaipBridge.Roller.Device.ConnectionCheckerThread 220 - Software exception detected
System.Runtime.InteropServices.InvalidComObjectException: COM object that has been separated from its underlying RCW cannot be used.
   at System.RuntimeType.InvokeDispMethod(String name, BindingFlags invokeAttr, Object target, Object[] args, Boolean[] byrefModifiers, Int32 culture, String[] namedParameters)
   at System.RuntimeType.InvokeMember(String name, BindingFlags bindingFlags, Binder binder, Object target, Object[] providedArgs, ParameterModifier[] modifiers, CultureInfo culture, String[] namedParams)
   at System.RuntimeType.ForwardCallToInvokeMember(String memberName, BindingFlags flags, Object target, Int32[] aWrapperTypes, MessageData& msgData)
   at IROLLERLib._DIRoller.IsConnected()
   at AxIROLLERLib.AxIRoller.IsConnected()
   at DSASimpesFaipBridge.Roller.Device.ConnectionCheckerThread.DoUnitOfWork(Int32& tick) in d:\Work\Corghi\Nambuco\DSASimpesFaipBridge\Roller\Device\ConnectionCheckerThread.cs:line 178
2013-11-13 14:26:21,375 [10   ] ERROR DSASimpesFaipBridge.Roller.Device.ConnectionCheckerThread 220 - Software exception detected
System.Runtime.InteropServices.InvalidComObjectException: COM object that has been separated from its underlying RCW cannot be used.
   at System.RuntimeType.InvokeDispMethod(String name, BindingFlags invokeAttr, Object target, Object[] args, Boolean[] byrefModifiers, Int32 culture, String[] namedParameters)
   at System.RuntimeType.InvokeMember(String name, BindingFlags bindingFlags, Binder binder, Object target, Object[] providedArgs, ParameterModifier[] modifiers, CultureInfo culture, String[] namedParams)
   at System.RuntimeType.ForwardCallToInvokeMember(String memberName, BindingFlags flags, Object target, Int32[] aWrapperTypes, MessageData& msgData)
   at IROLLERLib._DIRoller.IsConnected()
   at AxIROLLERLib.AxIRoller.IsConnected()
   at DSASimpesFaipBridge.Roller.Device.ConnectionCheckerThread.DoUnitOfWork(Int32& tick) in d:\Work\Corghi\Nambuco\DSASimpesFaipBridge\Roller\Device\ConnectionCheckerThread.cs:line 178
2013-11-13 14:26:26,411 [10   ] ERROR DSASimpesFaipBridge.Roller.Device.ConnectionCheckerThread 220 - Software exception detected
System.Runtime.InteropServices.InvalidComObjectException: COM object that has been separated from its underlying RCW cannot be used.
   at System.RuntimeType.InvokeDispMethod(String name, BindingFlags invokeAttr, Object target, Object[] args, Boolean[] byrefModifiers, Int32 culture, String[] namedParameters)
   at System.RuntimeType.InvokeMember(String name, BindingFlags bindingFlags, Binder binder, Object target, Object[] providedArgs, ParameterModifier[] modifiers, CultureInfo culture, String[] namedParams)
   at System.RuntimeType.ForwardCallToInvokeMember(String memberName, BindingFlags flags, Object target, Int32[] aWrapperTypes, MessageData& msgData)
   at IROLLERLib._DIRoller.IsConnected()
   at AxIROLLERLib.AxIRoller.IsConnected()
   at DSASimpesFaipBridge.Roller.Device.ConnectionCheckerThread.DoUnitOfWork(Int32& tick) in d:\Work\Corghi\Nambuco\DSASimpesFaipBridge\Roller\Device\ConnectionCheckerThread.cs:line 178
2013-11-13 14:26:31,418 [10   ] ERROR DSASimpesFaipBridge.Roller.Device.ConnectionCheckerThread 220 - Software exception detected
System.Runtime.InteropServices.InvalidComObjectException: COM object that has been separated from its underlying RCW cannot be used.
   at System.RuntimeType.InvokeDispMethod(String name, BindingFlags invokeAttr, Object target, Object[] args, Boolean[] byrefModifiers, Int32 culture, String[] namedParameters)
   at System.RuntimeType.InvokeMember(String name, BindingFlags bindingFlags, Binder binder, Object target, Object[] providedArgs, ParameterModifier[] modifiers, CultureInfo culture, String[] namedParams)
   at System.RuntimeType.ForwardCallToInvokeMember(String memberName, BindingFlags flags, Object target, Int32[] aWrapperTypes, MessageData& msgData)
   at IROLLERLib._DIRoller.IsConnected()
   at AxIROLLERLib.AxIRoller.IsConnected()
   at DSASimpesFaipBridge.Roller.Device.ConnectionCheckerThread.DoUnitOfWork(Int32& tick) in d:\Work\Corghi\Nambuco\DSASimpesFaipBridge\Roller\Device\ConnectionCheckerThread.cs:line 178
2013-11-13 14:26:36,426 [10   ] ERROR DSASimpesFaipBridge.Roller.Device.ConnectionCheckerThread 220 - Software exception detected
System.Runtime.InteropServices.InvalidComObjectException: COM object that has been separated from its underlying RCW cannot be used.
   at System.RuntimeType.InvokeDispMethod(String name, BindingFlags invokeAttr, Object target, Object[] args, Boolean[] byrefModifiers, Int32 culture, String[] namedParameters)
   at System.RuntimeType.InvokeMember(String name, BindingFlags bindingFlags, Binder binder, Object target, Object[] providedArgs, ParameterModifier[] modifiers, CultureInfo culture, String[] namedParams)
   at System.RuntimeType.ForwardCallToInvokeMember(String memberName, BindingFlags flags, Object target, Int32[] aWrapperTypes, MessageData& msgData)
   at IROLLERLib._DIRoller.IsConnected()
   at AxIROLLERLib.AxIRoller.IsConnected()
   at DSASimpesFaipBridge.Roller.Device.ConnectionCheckerThread.DoUnitOfWork(Int32& tick) in d:\Work\Corghi\Nambuco\DSASimpesFaipBridge\Roller\Device\ConnectionCheckerThread.cs:line 178
2013-11-13 14:26:41,439 [10   ] ERROR DSASimpesFaipBridge.Roller.Device.ConnectionCheckerThread 220 - Software exception detected
System.Runtime.InteropServices.InvalidComObjectException: COM object that has been separated from its underlying RCW cannot be used.
   at System.RuntimeType.InvokeDispMethod(String name, BindingFlags invokeAttr, Object target, Object[] args, Boolean[] byrefModifiers, Int32 culture, String[] namedParameters)
   at System.RuntimeType.InvokeMember(String name, BindingFlags bindingFlags, Binder binder, Object target, Object[] providedArgs, ParameterModifier[] modifiers, CultureInfo culture, String[] namedParams)
   at System.RuntimeType.ForwardCallToInvokeMember(String memberName, BindingFlags flags, Object target, Int32[] aWrapperTypes, MessageData& msgData)
   at IROLLERLib._DIRoller.IsConnected()
   at AxIROLLERLib.AxIRoller.IsConnected()
   at DSASimpesFaipBridge.Roller.Device.ConnectionCheckerThread.DoUnitOfWork(Int32& tick) in d:\Work\Corghi\Nambuco\DSASimpesFaipBridge\Roller\Device\ConnectionCheckerThread.cs:line 178
2013-11-13 14:26:46,447 [10   ] ERROR DSASimpesFaipBridge.Roller.Device.ConnectionCheckerThread 220 - Software exception detected
System.Runtime.InteropServices.InvalidComObjectException: COM object that has been separated from its underlying RCW cannot be used.
   at System.RuntimeType.InvokeDispMethod(String name, BindingFlags invokeAttr, Object target, Object[] args, Boolean[] byrefModifiers, Int32 culture, String[] namedParameters)
   at System.RuntimeType.InvokeMember(String name, BindingFlags bindingFlags, Binder binder, Object target, Object[] providedArgs, ParameterModifier[] modifiers, CultureInfo culture, String[] namedParams)
   at System.RuntimeType.ForwardCallToInvokeMember(String memberName, BindingFlags flags, Object target, Int32[] aWrapperTypes, MessageData& msgData)
   at IROLLERLib._DIRoller.IsConnected()
   at AxIROLLERLib.AxIRoller.IsConnected()
   at DSASimpesFaipBridge.Roller.Device.ConnectionCheckerThread.DoUnitOfWork(Int32& tick) in d:\Work\Corghi\Nambuco\DSASimpesFaipBridge\Roller\Device\ConnectionCheckerThread.cs:line 178
2013-11-13 14:26:51,475 [10   ] ERROR DSASimpesFaipBridge.Roller.Device.ConnectionCheckerThread 220 - Software exception detected
System.Runtime.InteropServices.InvalidComObjectException: COM object that has been separated from its underlying RCW cannot be used.
   at System.RuntimeType.InvokeDispMethod(String name, BindingFlags invokeAttr, Object target, Object[] args, Boolean[] byrefModifiers, Int32 culture, String[] namedParameters)
   at System.RuntimeType.InvokeMember(String name, BindingFlags bindingFlags, Binder binder, Object target, Object[] providedArgs, ParameterModifier[] modifiers, CultureInfo culture, String[] namedParams)
   at System.RuntimeType.ForwardCallToInvokeMember(String memberName, BindingFlags flags, Object target, Int32[] aWrapperTypes, MessageData& msgData)
   at IROLLERLib._DIRoller.IsConnected()
   at AxIROLLERLib.AxIRoller.IsConnected()
   at DSASimpesFaipBridge.Roller.Device.ConnectionCheckerThread.DoUnitOfWork(Int32& tick) in d:\Work\Corghi\Nambuco\DSASimpesFaipBridge\Roller\Device\ConnectionCheckerThread.cs:line 178
2013-11-13 14:26:56,481 [10   ] ERROR DSASimpesFaipBridge.Roller.Device.ConnectionCheckerThread 220 - Software exception detected
System.Runtime.InteropServices.InvalidComObjectException: COM object that has been separated from its underlying RCW cannot be used.
   at System.RuntimeType.InvokeDispMethod(String name, BindingFlags invokeAttr, Object target, Object[] args, Boolean[] byrefModifiers, Int32 culture, String[] namedParameters)
   at System.RuntimeType.InvokeMember(String name, BindingFlags bindingFlags, Binder binder, Object target, Object[] providedArgs, ParameterModifier[] modifiers, CultureInfo culture, String[] namedParams)
   at System.RuntimeType.ForwardCallToInvokeMember(String memberName, BindingFlags flags, Object target, Int32[] aWrapperTypes, MessageData& msgData)
   at IROLLERLib._DIRoller.IsConnected()
   at AxIROLLERLib.AxIRoller.IsConnected()
   at DSASimpesFaipBridge.Roller.Device.ConnectionCheckerThread.DoUnitOfWork(Int32& tick) in d:\Work\Corghi\Nambuco\DSASimpesFaipBridge\Roller\Device\ConnectionCheckerThread.cs:line 178
2013-11-13 14:27:01,487 [10   ] ERROR DSASimpesFaipBridge.Roller.Device.ConnectionCheckerThread 220 - Software exception detected
System.Runtime.InteropServices.InvalidComObjectException: COM object that has been separated from its underlying RCW cannot be used.
   at System.RuntimeType.InvokeDispMethod(String name, BindingFlags invokeAttr, Object target, Object[] args, Boolean[] byrefModifiers, Int32 culture, String[] namedParameters)
   at System.RuntimeType.InvokeMember(String name, BindingFlags bindingFlags, Binder binder, Object target, Object[] providedArgs, ParameterModifier[] modifiers, CultureInfo culture, String[] namedParams)
   at System.RuntimeType.ForwardCallToInvokeMember(String memberName, BindingFlags flags, Object target, Int32[] aWrapperTypes, MessageData& msgData)
   at IROLLERLib._DIRoller.IsConnected()
   at AxIROLLERLib.AxIRoller.IsConnected()
   at DSASimpesFaipBridge.Roller.Device.ConnectionCheckerThread.DoUnitOfWork(Int32& tick) in d:\Work\Corghi\Nambuco\DSASimpesFaipBridge\Roller\Device\ConnectionCheckerThread.cs:line 178
2013-11-13 14:27:06,498 [10   ] ERROR DSASimpesFaipBridge.Roller.Device.ConnectionCheckerThread 220 - Software exception detected
System.Runtime.InteropServices.InvalidComObjectException: COM object that has been separated from its underlying RCW cannot be used.
   at System.RuntimeType.InvokeDispMethod(String name, BindingFlags invokeAttr, Object target, Object[] args, Boolean[] byrefModifiers, Int32 culture, String[] namedParameters)
   at System.RuntimeType.InvokeMember(String name, BindingFlags bindingFlags, Binder binder, Object target, Object[] providedArgs, ParameterModifier[] modifiers, CultureInfo culture, String[] namedParams)
   at System.RuntimeType.ForwardCallToInvokeMember(String memberName, BindingFlags flags, Object target, Int32[] aWrapperTypes, MessageData& msgData)
   at IROLLERLib._DIRoller.IsConnected()
   at AxIROLLERLib.AxIRoller.IsConnected()
   at DSASimpesFaipBridge.Roller.Device.ConnectionCheckerThread.DoUnitOfWork(Int32& tick) in d:\Work\Corghi\Nambuco\DSASimpesFaipBridge\Roller\Device\ConnectionCheckerThread.cs:line 178
2013-11-13 14:27:11,511 [10   ] ERROR DSASimpesFaipBridge.Roller.Device.ConnectionCheckerThread 220 - Software exception detected
System.Runtime.InteropServices.InvalidComObjectException: COM object that has been separated from its underlying RCW cannot be used.
   at System.RuntimeType.InvokeDispMethod(String name, BindingFlags invokeAttr, Object target, Object[] args, Boolean[] byrefModifiers, Int32 culture, String[] namedParameters)
   at System.RuntimeType.InvokeMember(String name, BindingFlags bindingFlags, Binder binder, Object target, Object[] providedArgs, ParameterModifier[] modifiers, CultureInfo culture, String[] namedParams)
   at System.RuntimeType.ForwardCallToInvokeMember(String memberName, BindingFlags flags, Object target, Int32[] aWrapperTypes, MessageData& msgData)
   at IROLLERLib._DIRoller.IsConnected()
   at AxIROLLERLib.AxIRoller.IsConnected()
   at DSASimpesFaipBridge.Roller.Device.ConnectionCheckerThread.DoUnitOfWork(Int32& tick) in d:\Work\Corghi\Nambuco\DSASimpesFaipBridge\Roller\Device\ConnectionCheckerThread.cs:line 178
2013-11-13 14:27:16,518 [10   ] ERROR DSASimpesFaipBridge.Roller.Device.ConnectionCheckerThread 220 - Software exception detected
System.Runtime.InteropServices.InvalidComObjectException: COM object that has been separated from its underlying RCW cannot be used.
   at System.RuntimeType.InvokeDispMethod(String name, BindingFlags invokeAttr, Object target, Object[] args, Boolean[] byrefModifiers, Int32 culture, String[] namedParameters)
   at System.RuntimeType.InvokeMember(String name, BindingFlags bindingFlags, Binder binder, Object target, Object[] providedArgs, ParameterModifier[] modifiers, CultureInfo culture, String[] namedParams)
   at System.RuntimeType.ForwardCallToInvokeMember(String memberName, BindingFlags flags, Object target, Int32[] aWrapperTypes, MessageData& msgData)
   at IROLLERLib._DIRoller.IsConnected()
   at AxIROLLERLib.AxIRoller.IsConnected()
   at DSASimpesFaipBridge.Roller.Device.ConnectionCheckerThread.DoUnitOfWork(Int32& tick) in d:\Work\Corghi\Nambuco\DSASimpesFaipBridge\Roller\Device\ConnectionCheckerThread.cs:line 178
2013-11-13 14:27:21,540 [10   ] ERROR DSASimpesFaipBridge.Roller.Device.ConnectionCheckerThread 220 - Software exception detected
System.Runtime.InteropServices.InvalidComObjectException: COM object that has been separated from its underlying RCW cannot be used.
   at System.RuntimeType.InvokeDispMethod(String name, BindingFlags invokeAttr, Object target, Object[] args, Boolean[] byrefModifiers, Int32 culture, String[] namedParameters)
   at System.RuntimeType.InvokeMember(String name, BindingFlags bindingFlags, Binder binder, Object target, Object[] providedArgs, ParameterModifier[] modifiers, CultureInfo culture, String[] namedParams)
   at System.RuntimeType.ForwardCallToInvokeMember(String memberName, BindingFlags flags, Object target, Int32[] aWrapperTypes, MessageData& msgData)
   at IROLLERLib._DIRoller.IsConnected()
   at AxIROLLERLib.AxIRoller.IsConnected()
   at DSASimpesFaipBridge.Roller.Device.ConnectionCheckerThread.DoUnitOfWork(Int32& tick) in d:\Work\Corghi\Nambuco\DSASimpesFaipBridge\Roller\Device\ConnectionCheckerThread.cs:line 178
2013-11-13 14:27:26,582 [10   ] ERROR DSASimpesFaipBridge.Roller.Device.ConnectionCheckerThread 220 - Software exception detected
System.Runtime.InteropServices.InvalidComObjectException: COM object that has been separated from its underlying RCW cannot be used.
   at System.RuntimeType.InvokeDispMethod(String name, BindingFlags invokeAttr, Object target, Object[] args, Boolean[] byrefModifiers, Int32 culture, String[] namedParameters)
   at System.RuntimeType.InvokeMember(String name, BindingFlags bindingFlags, Binder binder, Object target, Object[] providedArgs, ParameterModifier[] modifiers, CultureInfo culture, String[] namedParams)
   at System.RuntimeType.ForwardCallToInvokeMember(String memberName, BindingFlags flags, Object target, Int32[] aWrapperTypes, MessageData& msgData)
   at IROLLERLib._DIRoller.IsConnected()
   at AxIROLLERLib.AxIRoller.IsConnected()
   at DSASimpesFaipBridge.Roller.Device.ConnectionCheckerThread.DoUnitOfWork(Int32& tick) in d:\Work\Corghi\Nambuco\DSASimpesFaipBridge\Roller\Device\ConnectionCheckerThread.cs:line 178
2013-11-13 14:27:31,605 [10   ] ERROR DSASimpesFaipBridge.Roller.Device.ConnectionCheckerThread 220 - Software exception detected
System.Runtime.InteropServices.InvalidComObjectException: COM object that has been separated from its underlying RCW cannot be used.
   at System.RuntimeType.InvokeDispMethod(String name, BindingFlags invokeAttr, Object target, Object[] args, Boolean[] byrefModifiers, Int32 culture, String[] namedParameters)
   at System.RuntimeType.InvokeMember(String name, BindingFlags bindingFlags, Binder binder, Object target, Object[] providedArgs, ParameterModifier[] modifiers, CultureInfo culture, String[] namedParams)
   at System.RuntimeType.ForwardCallToInvokeMember(String memberName, BindingFlags flags, Object target, Int32[] aWrapperTypes, MessageData& msgData)
   at IROLLERLib._DIRoller.IsConnected()
   at AxIROLLERLib.AxIRoller.IsConnected()
   at DSASimpesFaipBridge.Roller.Device.ConnectionCheckerThread.DoUnitOfWork(Int32& tick) in d:\Work\Corghi\Nambuco\DSASimpesFaipBridge\Roller\Device\ConnectionCheckerThread.cs:line 178
2013-11-13 14:27:36,635 [10   ] ERROR DSASimpesFaipBridge.Roller.Device.ConnectionCheckerThread 220 - Software exception detected
System.Runtime.InteropServices.InvalidComObjectException: COM object that has been separated from its underlying RCW cannot be used.
   at System.RuntimeType.InvokeDispMethod(String name, BindingFlags invokeAttr, Object target, Object[] args, Boolean[] byrefModifiers, Int32 culture, String[] namedParameters)
   at System.RuntimeType.InvokeMember(String name, BindingFlags bindingFlags, Binder binder, Object target, Object[] providedArgs, ParameterModifier[] modifiers, CultureInfo culture, String[] namedParams)
   at System.RuntimeType.ForwardCallToInvokeMember(String memberName, BindingFlags flags, Object target, Int32[] aWrapperTypes, MessageData& msgData)
   at IROLLERLib._DIRoller.IsConnected()
   at AxIROLLERLib.AxIRoller.IsConnected()
   at DSASimpesFaipBridge.Roller.Device.ConnectionCheckerThread.DoUnitOfWork(Int32& tick) in d:\Work\Corghi\Nambuco\DSASimpesFaipBridge\Roller\Device\ConnectionCheckerThread.cs:line 178
2013-11-13 14:27:41,643 [10   ] ERROR DSASimpesFaipBridge.Roller.Device.ConnectionCheckerThread 220 - Software exception detected
System.Runtime.InteropServices.InvalidComObjectException: COM object that has been separated from its underlying RCW cannot be used.
   at System.RuntimeType.InvokeDispMethod(String name, BindingFlags invokeAttr, Object target, Object[] args, Boolean[] byrefModifiers, Int32 culture, String[] namedParameters)
   at System.RuntimeType.InvokeMember(String name, BindingFlags bindingFlags, Binder binder, Object target, Object[] providedArgs, ParameterModifier[] modifiers, CultureInfo culture, String[] namedParams)
   at System.RuntimeType.ForwardCallToInvokeMember(String memberName, BindingFlags flags, Object target, Int32[] aWrapperTypes, MessageData& msgData)
   at IROLLERLib._DIRoller.IsConnected()
   at AxIROLLERLib.AxIRoller.IsConnected()
   at DSASimpesFaipBridge.Roller.Device.ConnectionCheckerThread.DoUnitOfWork(Int32& tick) in d:\Work\Corghi\Nambuco\DSASimpesFaipBridge\Roller\Device\ConnectionCheckerThread.cs:line 178
2013-11-13 14:27:46,659 [10   ] ERROR DSASimpesFaipBridge.Roller.Device.ConnectionCheckerThread 220 - Software exception detected
System.Runtime.InteropServices.InvalidComObjectException: COM object that has been separated from its underlying RCW cannot be used.
   at System.RuntimeType.InvokeDispMethod(String name, BindingFlags invokeAttr, Object target, Object[] args, Boolean[] byrefModifiers, Int32 culture, String[] namedParameters)
   at System.RuntimeType.InvokeMember(String name, BindingFlags bindingFlags, Binder binder, Object target, Object[] providedArgs, ParameterModifier[] modifiers, CultureInfo culture, String[] namedParams)
   at System.RuntimeType.ForwardCallToInvokeMember(String memberName, BindingFlags flags, Object target, Int32[] aWrapperTypes, MessageData& msgData)
   at IROLLERLib._DIRoller.IsConnected()
   at AxIROLLERLib.AxIRoller.IsConnected()
   at DSASimpesFaipBridge.Roller.Device.ConnectionCheckerThread.DoUnitOfWork(Int32& tick) in d:\Work\Corghi\Nambuco\DSASimpesFaipBridge\Roller\Device\ConnectionCheckerThread.cs:line 178
2013-11-13 14:27:51,682 [10   ] ERROR DSASimpesFaipBridge.Roller.Device.ConnectionCheckerThread 220 - Software exception detected
System.Runtime.InteropServices.InvalidComObjectException: COM object that has been separated from its underlying RCW cannot be used.
   at System.RuntimeType.InvokeDispMethod(String name, BindingFlags invokeAttr, Object target, Object[] args, Boolean[] byrefModifiers, Int32 culture, String[] namedParameters)
   at System.RuntimeType.InvokeMember(String name, BindingFlags bindingFlags, Binder binder, Object target, Object[] providedArgs, ParameterModifier[] modifiers, CultureInfo culture, String[] namedParams)
   at System.RuntimeType.ForwardCallToInvokeMember(String memberName, BindingFlags flags, Object target, Int32[] aWrapperTypes, MessageData& msgData)
   at IROLLERLib._DIRoller.IsConnected()
   at AxIROLLERLib.AxIRoller.IsConnected()
   at DSASimpesFaipBridge.Roller.Device.ConnectionCheckerThread.DoUnitOfWork(Int32& tick) in d:\Work\Corghi\Nambuco\DSASimpesFaipBridge\Roller\Device\ConnectionCheckerThread.cs:line 178
2013-11-13 14:27:56,715 [10   ] ERROR DSASimpesFaipBridge.Roller.Device.ConnectionCheckerThread 220 - Software exception detected
System.Runtime.InteropServices.InvalidComObjectException: COM object that has been separated from its underlying RCW cannot be used.
   at System.RuntimeType.InvokeDispMethod(String name, BindingFlags invokeAttr, Object target, Object[] args, Boolean[] byrefModifiers, Int32 culture, String[] namedParameters)
   at System.RuntimeType.InvokeMember(String name, BindingFlags bindingFlags, Binder binder, Object target, Object[] providedArgs, ParameterModifier[] modifiers, CultureInfo culture, String[] namedParams)
   at System.RuntimeType.ForwardCallToInvokeMember(String memberName, BindingFlags flags, Object target, Int32[] aWrapperTypes, MessageData& msgData)
   at IROLLERLib._DIRoller.IsConnected()
   at AxIROLLERLib.AxIRoller.IsConnected()
   at DSASimpesFaipBridge.Roller.Device.ConnectionCheckerThread.DoUnitOfWork(Int32& tick) in d:\Work\Corghi\Nambuco\DSASimpesFaipBridge\Roller\Device\ConnectionCheckerThread.cs:line 178
2013-11-13 14:28:01,722 [10   ] ERROR DSASimpesFaipBridge.Roller.Device.ConnectionCheckerThread 220 - Software exception detected
System.Runtime.InteropServices.InvalidComObjectException: COM object that has been separated from its underlying RCW cannot be used.
   at System.RuntimeType.InvokeDispMethod(String name, BindingFlags invokeAttr, Object target, Object[] args, Boolean[] byrefModifiers, Int32 culture, String[] namedParameters)
   at System.RuntimeType.InvokeMember(String name, BindingFlags bindingFlags, Binder binder, Object target, Object[] providedArgs, ParameterModifier[] modifiers, CultureInfo culture, String[] namedParams)
   at System.RuntimeType.ForwardCallToInvokeMember(String memberName, BindingFlags flags, Object target, Int32[] aWrapperTypes, MessageData& msgData)
   at IROLLERLib._DIRoller.IsConnected()
   at AxIROLLERLib.AxIRoller.IsConnected()
   at DSASimpesFaipBridge.Roller.Device.ConnectionCheckerThread.DoUnitOfWork(Int32& tick) in d:\Work\Corghi\Nambuco\DSASimpesFaipBridge\Roller\Device\ConnectionCheckerThread.cs:line 178
2013-11-13 14:28:06,733 [10   ] ERROR DSASimpesFaipBridge.Roller.Device.ConnectionCheckerThread 220 - Software exception detected
System.Runtime.InteropServices.InvalidComObjectException: COM object that has been separated from its underlying RCW cannot be used.
   at System.RuntimeType.InvokeDispMethod(String name, BindingFlags invokeAttr, Object target, Object[] args, Boolean[] byrefModifiers, Int32 culture, String[] namedParameters)
   at System.RuntimeType.InvokeMember(String name, BindingFlags bindingFlags, Binder binder, Object target, Object[] providedArgs, ParameterModifier[] modifiers, CultureInfo culture, String[] namedParams)
   at System.RuntimeType.ForwardCallToInvokeMember(String memberName, BindingFlags flags, Object target, Int32[] aWrapperTypes, MessageData& msgData)
   at IROLLERLib._DIRoller.IsConnected()
   at AxIROLLERLib.AxIRoller.IsConnected()
   at DSASimpesFaipBridge.Roller.Device.ConnectionCheckerThread.DoUnitOfWork(Int32& tick) in d:\Work\Corghi\Nambuco\DSASimpesFaipBridge\Roller\Device\ConnectionCheckerThread.cs:line 178
2013-11-13 14:28:11,743 [10   ] ERROR DSASimpesFaipBridge.Roller.Device.ConnectionCheckerThread 220 - Software exception detected
System.Runtime.InteropServices.InvalidComObjectException: COM object that has been separated from its underlying RCW cannot be used.
   at System.RuntimeType.InvokeDispMethod(String name, BindingFlags invokeAttr, Object target, Object[] args, Boolean[] byrefModifiers, Int32 culture, String[] namedParameters)
   at System.RuntimeType.InvokeMember(String name, BindingFlags bindingFlags, Binder binder, Object target, Object[] providedArgs, ParameterModifier[] modifiers, CultureInfo culture, String[] namedParams)
   at System.RuntimeType.ForwardCallToInvokeMember(String memberName, BindingFlags flags, Object target, Int32[] aWrapperTypes, MessageData& msgData)
   at IROLLERLib._DIRoller.IsConnected()
   at AxIROLLERLib.AxIRoller.IsConnected()
   at DSASimpesFaipBridge.Roller.Device.ConnectionCheckerThread.DoUnitOfWork(Int32& tick) in d:\Work\Corghi\Nambuco\DSASimpesFaipBridge\Roller\Device\ConnectionCheckerThread.cs:line 178
2013-11-13 14:28:16,761 [10   ] ERROR DSASimpesFaipBridge.Roller.Device.ConnectionCheckerThread 220 - Software exception detected
System.Runtime.InteropServices.InvalidComObjectException: COM object that has been separated from its underlying RCW cannot be used.
   at System.RuntimeType.InvokeDispMethod(String name, BindingFlags invokeAttr, Object target, Object[] args, Boolean[] byrefModifiers, Int32 culture, String[] namedParameters)
   at System.RuntimeType.InvokeMember(String name, BindingFlags bindingFlags, Binder binder, Object target, Object[] providedArgs, ParameterModifier[] modifiers, CultureInfo culture, String[] namedParams)
   at System.RuntimeType.ForwardCallToInvokeMember(String memberName, BindingFlags flags, Object target, Int32[] aWrapperTypes, MessageData& msgData)
   at IROLLERLib._DIRoller.IsConnected()
   at AxIROLLERLib.AxIRoller.IsConnected()
   at DSASimpesFaipBridge.Roller.Device.ConnectionCheckerThread.DoUnitOfWork(Int32& tick) in d:\Work\Corghi\Nambuco\DSASimpesFaipBridge\Roller\Device\ConnectionCheckerThread.cs:line 178
2013-11-13 14:28:21,778 [10   ] ERROR DSASimpesFaipBridge.Roller.Device.ConnectionCheckerThread 220 - Software exception detected
System.Runtime.InteropServices.InvalidComObjectException: COM object that has been separated from its underlying RCW cannot be used.
   at System.RuntimeType.InvokeDispMethod(String name, BindingFlags invokeAttr, Object target, Object[] args, Boolean[] byrefModifiers, Int32 culture, String[] namedParameters)
   at System.RuntimeType.InvokeMember(String name, BindingFlags bindingFlags, Binder binder, Object target, Object[] providedArgs, ParameterModifier[] modifiers, CultureInfo culture, String[] namedParams)
   at System.RuntimeType.ForwardCallToInvokeMember(String memberName, BindingFlags flags, Object target, Int32[] aWrapperTypes, MessageData& msgData)
   at IROLLERLib._DIRoller.IsConnected()
   at AxIROLLERLib.AxIRoller.IsConnected()
   at DSASimpesFaipBridge.Roller.Device.ConnectionCheckerThread.DoUnitOfWork(Int32& tick) in d:\Work\Corghi\Nambuco\DSASimpesFaipBridge\Roller\Device\ConnectionCheckerThread.cs:line 178
2013-11-13 14:28:26,789 [10   ] ERROR DSASimpesFaipBridge.Roller.Device.ConnectionCheckerThread 220 - Software exception detected
System.Runtime.InteropServices.InvalidComObjectException: COM object that has been separated from its underlying RCW cannot be used.
   at System.RuntimeType.InvokeDispMethod(String name, BindingFlags invokeAttr, Object target, Object[] args, Boolean[] byrefModifiers, Int32 culture, String[] namedParameters)
   at System.RuntimeType.InvokeMember(String name, BindingFlags bindingFlags, Binder binder, Object target, Object[] providedArgs, ParameterModifier[] modifiers, CultureInfo culture, String[] namedParams)
   at System.RuntimeType.ForwardCallToInvokeMember(String memberName, BindingFlags flags, Object target, Int32[] aWrapperTypes, MessageData& msgData)
   at IROLLERLib._DIRoller.IsConnected()
   at AxIROLLERLib.AxIRoller.IsConnected()
   at DSASimpesFaipBridge.Roller.Device.ConnectionCheckerThread.DoUnitOfWork(Int32& tick) in d:\Work\Corghi\Nambuco\DSASimpesFaipBridge\Roller\Device\ConnectionCheckerThread.cs:line 178
2013-11-13 14:28:31,799 [10   ] ERROR DSASimpesFaipBridge.Roller.Device.ConnectionCheckerThread 220 - Software exception detected
System.Runtime.InteropServices.InvalidComObjectException: COM object that has been separated from its underlying RCW cannot be used.
   at System.RuntimeType.InvokeDispMethod(String name, BindingFlags invokeAttr, Object target, Object[] args, Boolean[] byrefModifiers, Int32 culture, String[] namedParameters)
   at System.RuntimeType.InvokeMember(String name, BindingFlags bindingFlags, Binder binder, Object target, Object[] providedArgs, ParameterModifier[] modifiers, CultureInfo culture, String[] namedParams)
   at System.RuntimeType.ForwardCallToInvokeMember(String memberName, BindingFlags flags, Object target, Int32[] aWrapperTypes, MessageData& msgData)
   at IROLLERLib._DIRoller.IsConnected()
   at AxIROLLERLib.AxIRoller.IsConnected()
   at DSASimpesFaipBridge.Roller.Device.ConnectionCheckerThread.DoUnitOfWork(Int32& tick) in d:\Work\Corghi\Nambuco\DSASimpesFaipBridge\Roller\Device\ConnectionCheckerThread.cs:line 178
2013-11-13 14:28:36,817 [10   ] ERROR DSASimpesFaipBridge.Roller.Device.ConnectionCheckerThread 220 - Software exception detected
System.Runtime.InteropServices.InvalidComObjectException: COM object that has been separated from its underlying RCW cannot be used.
   at System.RuntimeType.InvokeDispMethod(String name, BindingFlags invokeAttr, Object target, Object[] args, Boolean[] byrefModifiers, Int32 culture, String[] namedParameters)
   at System.RuntimeType.InvokeMember(String name, BindingFlags bindingFlags, Binder binder, Object target, Object[] providedArgs, ParameterModifier[] modifiers, CultureInfo culture, String[] namedParams)
   at System.RuntimeType.ForwardCallToInvokeMember(String memberName, BindingFlags flags, Object target, Int32[] aWrapperTypes, MessageData& msgData)
   at IROLLERLib._DIRoller.IsConnected()
   at AxIROLLERLib.AxIRoller.IsConnected()
   at DSASimpesFaipBridge.Roller.Device.ConnectionCheckerThread.DoUnitOfWork(Int32& tick) in d:\Work\Corghi\Nambuco\DSASimpesFaipBridge\Roller\Device\ConnectionCheckerThread.cs:line 178
2013-11-13 14:28:41,828 [10   ] ERROR DSASimpesFaipBridge.Roller.Device.ConnectionCheckerThread 220 - Software exception detected
System.Runtime.InteropServices.InvalidComObjectException: COM object that has been separated from its underlying RCW cannot be used.
   at System.RuntimeType.InvokeDispMethod(String name, BindingFlags invokeAttr, Object target, Object[] args, Boolean[] byrefModifiers, Int32 culture, String[] namedParameters)
   at System.RuntimeType.InvokeMember(String name, BindingFlags bindingFlags, Binder binder, Object target, Object[] providedArgs, ParameterModifier[] modifiers, CultureInfo culture, String[] namedParams)
   at System.RuntimeType.ForwardCallToInvokeMember(String memberName, BindingFlags flags, Object target, Int32[] aWrapperTypes, MessageData& msgData)
   at IROLLERLib._DIRoller.IsConnected()
   at AxIROLLERLib.AxIRoller.IsConnected()
   at DSASimpesFaipBridge.Roller.Device.ConnectionCheckerThread.DoUnitOfWork(Int32& tick) in d:\Work\Corghi\Nambuco\DSASimpesFaipBridge\Roller\Device\ConnectionCheckerThread.cs:line 178
2013-11-13 14:28:46,851 [10   ] ERROR DSASimpesFaipBridge.Roller.Device.ConnectionCheckerThread 220 - Software exception detected
System.Runtime.InteropServices.InvalidComObjectException: COM object that has been separated from its underlying RCW cannot be used.
   at System.RuntimeType.InvokeDispMethod(String name, BindingFlags invokeAttr, Object target, Object[] args, Boolean[] byrefModifiers, Int32 culture, String[] namedParameters)
   at System.RuntimeType.InvokeMember(String name, BindingFlags bindingFlags, Binder binder, Object target, Object[] providedArgs, ParameterModifier[] modifiers, CultureInfo culture, String[] namedParams)
   at System.RuntimeType.ForwardCallToInvokeMember(String memberName, BindingFlags flags, Object target, Int32[] aWrapperTypes, MessageData& msgData)
   at IROLLERLib._DIRoller.IsConnected()
   at AxIROLLERLib.AxIRoller.IsConnected()
   at DSASimpesFaipBridge.Roller.Device.ConnectionCheckerThread.DoUnitOfWork(Int32& tick) in d:\Work\Corghi\Nambuco\DSASimpesFaipBridge\Roller\Device\ConnectionCheckerThread.cs:line 178
2013-11-13 14:28:51,875 [10   ] ERROR DSASimpesFaipBridge.Roller.Device.ConnectionCheckerThread 220 - Software exception detected
System.Runtime.InteropServices.InvalidComObjectException: COM object that has been separated from its underlying RCW cannot be used.
   at System.RuntimeType.InvokeDispMethod(String name, BindingFlags invokeAttr, Object target, Object[] args, Boolean[] byrefModifiers, Int32 culture, String[] namedParameters)
   at System.RuntimeType.InvokeMember(String name, BindingFlags bindingFlags, Binder binder, Object target, Object[] providedArgs, ParameterModifier[] modifiers, CultureInfo culture, String[] namedParams)
   at System.RuntimeType.ForwardCallToInvokeMember(String memberName, BindingFlags flags, Object target, Int32[] aWrapperTypes, MessageData& msgData)
   at IROLLERLib._DIRoller.IsConnected()
   at AxIROLLERLib.AxIRoller.IsConnected()
   at DSASimpesFaipBridge.Roller.Device.ConnectionCheckerThread.DoUnitOfWork(Int32& tick) in d:\Work\Corghi\Nambuco\DSASimpesFaipBridge\Roller\Device\ConnectionCheckerThread.cs:line 178
2013-11-13 14:28:56,889 [10   ] ERROR DSASimpesFaipBridge.Roller.Device.ConnectionCheckerThread 220 - Software exception detected
System.Runtime.InteropServices.InvalidComObjectException: COM object that has been separated from its underlying RCW cannot be used.
   at System.RuntimeType.InvokeDispMethod(String name, BindingFlags invokeAttr, Object target, Object[] args, Boolean[] byrefModifiers, Int32 culture, String[] namedParameters)
   at System.RuntimeType.InvokeMember(String name, BindingFlags bindingFlags, Binder binder, Object target, Object[] providedArgs, ParameterModifier[] modifiers, CultureInfo culture, String[] namedParams)
   at System.RuntimeType.ForwardCallToInvokeMember(String memberName, BindingFlags flags, Object target, Int32[] aWrapperTypes, MessageData& msgData)
   at IROLLERLib._DIRoller.IsConnected()
   at AxIROLLERLib.AxIRoller.IsConnected()
   at DSASimpesFaipBridge.Roller.Device.ConnectionCheckerThread.DoUnitOfWork(Int32& tick) in d:\Work\Corghi\Nambuco\DSASimpesFaipBridge\Roller\Device\ConnectionCheckerThread.cs:line 178
2013-11-13 14:29:01,897 [10   ] ERROR DSASimpesFaipBridge.Roller.Device.ConnectionCheckerThread 220 - Software exception detected
System.Runtime.InteropServices.InvalidComObjectException: COM object that has been separated from its underlying RCW cannot be used.
   at System.RuntimeType.InvokeDispMethod(String name, BindingFlags invokeAttr, Object target, Object[] args, Boolean[] byrefModifiers, Int32 culture, String[] namedParameters)
   at System.RuntimeType.InvokeMember(String name, BindingFlags bindingFlags, Binder binder, Object target, Object[] providedArgs, ParameterModifier[] modifiers, CultureInfo culture, String[] namedParams)
   at System.RuntimeType.ForwardCallToInvokeMember(String memberName, BindingFlags flags, Object target, Int32[] aWrapperTypes, MessageData& msgData)
   at IROLLERLib._DIRoller.IsConnected()
   at AxIROLLERLib.AxIRoller.IsConnected()
   at DSASimpesFaipBridge.Roller.Device.ConnectionCheckerThread.DoUnitOfWork(Int32& tick) in d:\Work\Corghi\Nambuco\DSASimpesFaipBridge\Roller\Device\ConnectionCheckerThread.cs:line 178
2013-11-13 14:29:06,906 [10   ] ERROR DSASimpesFaipBridge.Roller.Device.ConnectionCheckerThread 220 - Software exception detected
System.Runtime.InteropServices.InvalidComObjectException: COM object that has been separated from its underlying RCW cannot be used.
   at System.RuntimeType.InvokeDispMethod(String name, BindingFlags invokeAttr, Object target, Object[] args, Boolean[] byrefModifiers, Int32 culture, String[] namedParameters)
   at System.RuntimeType.InvokeMember(String name, BindingFlags bindingFlags, Binder binder, Object target, Object[] providedArgs, ParameterModifier[] modifiers, CultureInfo culture, String[] namedParams)
   at System.RuntimeType.ForwardCallToInvokeMember(String memberName, BindingFlags flags, Object target, Int32[] aWrapperTypes, MessageData& msgData)
   at IROLLERLib._DIRoller.IsConnected()
   at AxIROLLERLib.AxIRoller.IsConnected()
   at DSASimpesFaipBridge.Roller.Device.ConnectionCheckerThread.DoUnitOfWork(Int32& tick) in d:\Work\Corghi\Nambuco\DSASimpesFaipBridge\Roller\Device\ConnectionCheckerThread.cs:line 178
2013-11-13 14:29:14,924 [10   ] INFO  Roller.RollerDevice 766 - Roller driver initialized. IpServer: 192.168.1.10 TimerPolling: 100 TimerConnectionLost: 2000 ServerPort: 2000 ClientPort: 2001 IdClient: 31
2013-11-13 14:38:09,384 [9    ] INFO  Roller.RollerDevice 766 - Roller driver initialized. IpServer: 192.168.1.10 TimerPolling: 100 TimerConnectionLost: 2000 ServerPort: 2000 ClientPort: 2001 IdClient: 31
2013-11-13 14:38:14,634 [12   ] ERROR DSASimpesFaipBridge.Roller.Device.ConnectionCheckerThread 220 - Software exception detected
System.Runtime.InteropServices.InvalidComObjectException: COM object that has been separated from its underlying RCW cannot be used.
   at System.RuntimeType.InvokeDispMethod(String name, BindingFlags invokeAttr, Object target, Object[] args, Boolean[] byrefModifiers, Int32 culture, String[] namedParameters)
   at System.RuntimeType.InvokeMember(String name, BindingFlags bindingFlags, Binder binder, Object target, Object[] providedArgs, ParameterModifier[] modifiers, CultureInfo culture, String[] namedParams)
   at System.RuntimeType.ForwardCallToInvokeMember(String memberName, BindingFlags flags, Object target, Int32[] aWrapperTypes, MessageData& msgData)
   at IROLLERLib._DIRoller.IsConnected()
   at AxIROLLERLib.AxIRoller.IsConnected()
   at DSASimpesFaipBridge.Roller.Device.ConnectionCheckerThread.DoUnitOfWork(Int32& tick) in d:\Work\Corghi\Nambuco\DSASimpesFaipBridge\Roller\Device\ConnectionCheckerThread.cs:line 178
2013-11-13 14:39:51,754 [9    ] INFO  Roller.RollerDevice 766 - Roller driver initialized. IpServer: 192.168.1.10 TimerPolling: 100 TimerConnectionLost: 2000 ServerPort: 2000 ClientPort: 2001 IdClient: 31
2013-11-13 15:46:03,817 [9    ] INFO  DSASimpesFaipBridge.Roller.Device.RollerDevice 782 - Roller driver initialized. IpServer: 192.168.1.10 TimerPolling: 100 TimerConnectionLost: 2000 ServerPort: 2000 ClientPort: 2001 IdClient: 31
2013-11-13 15:49:30,795 [10   ] INFO  DSASimpesFaipBridge.Roller.Device.RollerDevice 782 - Roller driver initialized. IpServer: 192.168.1.10 TimerPolling: 100 TimerConnectionLost: 2000 ServerPort: 2000 ClientPort: 2001 IdClient: 31
2013-11-13 17:22:25,894 [9    ] INFO  DSASimpesFaipBridge.Roller.Device.RollerDevice 782 - Roller driver initialized. IpServer: 192.168.1.10 TimerPolling: 100 TimerConnectionLost: 2000 ServerPort: 2000 ClientPort: 2001 IdClient: 31
2013-11-13 17:26:29,775 [10   ] INFO  DSASimpesFaipBridge.Roller.Device.RollerDevice 782 - Roller driver initialized. IpServer: 192.168.1.10 TimerPolling: 100 TimerConnectionLost: 2000 ServerPort: 2000 ClientPort: 2001 IdClient: 31
2013-11-13 17:26:57,987 [10   ] INFO  DSASimpesFaipBridge.Roller.Device.RollerDevice 782 - Roller driver initialized. IpServer: 192.168.1.10 TimerPolling: 100 TimerConnectionLost: 2000 ServerPort: 2000 ClientPort: 2001 IdClient: 31
2013-11-13 17:28:56,746 [9    ] INFO  DSASimpesFaipBridge.Roller.Device.RollerDevice 782 - Roller driver initialized. IpServer: 192.168.1.10 TimerPolling: 100 TimerConnectionLost: 2000 ServerPort: 2000 ClientPort: 2001 IdClient: 31
2013-11-13 17:29:27,021 [7    ] INFO  DSASimpesFaipBridge.Roller.Device.RollerDevice 782 - Roller driver initialized. IpServer: 192.168.1.10 TimerPolling: 100 TimerConnectionLost: 2000 ServerPort: 2000 ClientPort: 2001 IdClient: 31
